{"C:\\Users\\Mason\\IdeaProjects\\Lineage\\frontend\\src\\App.vue": {"path":"C:\\Users\\Mason\\IdeaProjects\\Lineage\\frontend\\src\\App.vue","statementMap":{"0":{"start":{"line":13,"column":6},"end":{"line":13,"column":null}},"1":{"start":{"line":16,"column":0},"end":{"line":18,"column":null}},"2":{"start":{"line":17,"column":2},"end":{"line":17,"column":null}},"3":{"start":{"line":2,"column":7},"end":{"line":2,"column":null}}},"fnMap":{"0":{"name":"(anonymous_0)","decl":{"start":{"line":16,"column":10},"end":{"line":16,"column":22}},"loc":{"start":{"line":16,"column":22},"end":{"line":18,"column":1}},"line":16}},"branchMap":{"0":{"loc":{"start":{"line":4,"column":23},"end":{"line":4,"column":null}},"type":"cond-expr","locations":[{"start":{"line":4,"column":33},"end":{"line":4,"column":null}},{"start":{"line":4,"column":52},"end":{"line":4,"column":null}}],"line":4}},"s":{"0":3,"1":3,"2":3,"3":1},"f":{"0":3},"b":{"0":[1,3]},"meta":{"lastBranch":0,"lastFunction":0,"lastStatement":0,"seen":{}}}
,"C:\\Users\\Mason\\IdeaProjects\\Lineage\\frontend\\src\\components\\AIAssistant.vue": {"path":"C:\\Users\\Mason\\IdeaProjects\\Lineage\\frontend\\src\\components\\AIAssistant.vue","statementMap":{"0":{"start":{"line":162,"column":6},"end":{"line":162,"column":null}},"1":{"start":{"line":165,"column":6},"end":{"line":165,"column":null}},"2":{"start":{"line":166,"column":6},"end":{"line":166,"column":null}},"3":{"start":{"line":167,"column":6},"end":{"line":167,"column":null}},"4":{"start":{"line":168,"column":6},"end":{"line":168,"column":null}},"5":{"start":{"line":169,"column":6},"end":{"line":169,"column":null}},"6":{"start":{"line":170,"column":6},"end":{"line":170,"column":null}},"7":{"start":{"line":171,"column":6},"end":{"line":171,"column":null}},"8":{"start":{"line":172,"column":6},"end":{"line":172,"column":null}},"9":{"start":{"line":173,"column":6},"end":{"line":173,"column":null}},"10":{"start":{"line":175,"column":0},"end":{"line":177,"column":null}},"11":{"start":{"line":176,"column":2},"end":{"line":176,"column":null}},"12":{"start":{"line":180,"column":2},"end":{"line":184,"column":null}},"13":{"start":{"line":181,"column":4},"end":{"line":181,"column":null}},"14":{"start":{"line":183,"column":4},"end":{"line":183,"column":null}},"15":{"start":{"line":188,"column":2},"end":{"line":196,"column":null}},"16":{"start":{"line":189,"column":22},"end":{"line":189,"column":null}},"17":{"start":{"line":190,"column":4},"end":{"line":190,"column":null}},"18":{"start":{"line":191,"column":4},"end":{"line":191,"column":null}},"19":{"start":{"line":192,"column":4},"end":{"line":192,"column":null}},"20":{"start":{"line":193,"column":4},"end":{"line":193,"column":null}},"21":{"start":{"line":195,"column":4},"end":{"line":195,"column":null}},"22":{"start":{"line":201,"column":2},"end":{"line":201,"column":null}},"23":{"start":{"line":202,"column":2},"end":{"line":202,"column":null}},"24":{"start":{"line":203,"column":2},"end":{"line":203,"column":null}},"25":{"start":{"line":209,"column":2},"end":{"line":219,"column":null}},"26":{"start":{"line":210,"column":4},"end":{"line":218,"column":null}},"27":{"start":{"line":211,"column":6},"end":{"line":211,"column":null}},"28":{"start":{"line":212,"column":6},"end":{"line":214,"column":null}},"29":{"start":{"line":213,"column":8},"end":{"line":213,"column":null}},"30":{"start":{"line":215,"column":6},"end":{"line":215,"column":null}},"31":{"start":{"line":217,"column":6},"end":{"line":217,"column":null}},"32":{"start":{"line":223,"column":15},"end":{"line":223,"column":null}},"33":{"start":{"line":224,"column":14},"end":{"line":224,"column":null}},"34":{"start":{"line":225,"column":15},"end":{"line":225,"column":null}},"35":{"start":{"line":226,"column":18},"end":{"line":226,"column":null}},"36":{"start":{"line":227,"column":16},"end":{"line":227,"column":null}},"37":{"start":{"line":228,"column":15},"end":{"line":228,"column":null}},"38":{"start":{"line":230,"column":2},"end":{"line":230,"column":null}},"39":{"start":{"line":230,"column":19},"end":{"line":230,"column":null}},"40":{"start":{"line":231,"column":2},"end":{"line":231,"column":null}},"41":{"start":{"line":231,"column":20},"end":{"line":231,"column":null}},"42":{"start":{"line":232,"column":2},"end":{"line":232,"column":null}},"43":{"start":{"line":232,"column":18},"end":{"line":232,"column":null}},"44":{"start":{"line":233,"column":2},"end":{"line":233,"column":null}},"45":{"start":{"line":233,"column":16},"end":{"line":233,"column":null}},"46":{"start":{"line":234,"column":2},"end":{"line":234,"column":null}},"47":{"start":{"line":238,"column":2},"end":{"line":240,"column":null}},"48":{"start":{"line":239,"column":4},"end":{"line":239,"column":null}},"49":{"start":{"line":242,"column":22},"end":{"line":242,"column":null}},"50":{"start":{"line":243,"column":2},"end":{"line":243,"column":null}},"51":{"start":{"line":246,"column":2},"end":{"line":246,"column":null}},"52":{"start":{"line":247,"column":2},"end":{"line":247,"column":null}},"53":{"start":{"line":250,"column":2},"end":{"line":250,"column":null}},"54":{"start":{"line":253,"column":2},"end":{"line":253,"column":null}},"55":{"start":{"line":255,"column":2},"end":{"line":291,"column":null}},"56":{"start":{"line":257,"column":23},"end":{"line":257,"column":null}},"57":{"start":{"line":260,"column":21},"end":{"line":260,"column":null}},"58":{"start":{"line":263,"column":4},"end":{"line":266,"column":null}},"59":{"start":{"line":264,"column":6},"end":{"line":264,"column":null}},"60":{"start":{"line":265,"column":6},"end":{"line":265,"column":null}},"61":{"start":{"line":269,"column":4},"end":{"line":274,"column":null}},"62":{"start":{"line":270,"column":6},"end":{"line":273,"column":null}},"63":{"start":{"line":276,"column":4},"end":{"line":281,"column":null}},"64":{"start":{"line":277,"column":6},"end":{"line":280,"column":null}},"65":{"start":{"line":284,"column":4},"end":{"line":287,"column":null}},"66":{"start":{"line":289,"column":4},"end":{"line":289,"column":null}},"67":{"start":{"line":290,"column":4},"end":{"line":290,"column":null}},"68":{"start":{"line":295,"column":2},"end":{"line":295,"column":null}},"69":{"start":{"line":296,"column":2},"end":{"line":296,"column":null}},"70":{"start":{"line":300,"column":2},"end":{"line":304,"column":null}},"71":{"start":{"line":301,"column":4},"end":{"line":303,"column":null}},"72":{"start":{"line":302,"column":6},"end":{"line":302,"column":null}},"73":{"start":{"line":17,"column":16},"end":{"line":17,"column":null}},"74":{"start":{"line":19,"column":11},"end":{"line":19,"column":null}},"75":{"start":{"line":20,"column":13},"end":{"line":20,"column":null}},"76":{"start":{"line":31,"column":13},"end":{"line":31,"column":null}},"77":{"start":{"line":47,"column":13},"end":{"line":47,"column":null}},"78":{"start":{"line":51,"column":13},"end":{"line":51,"column":null}},"79":{"start":{"line":59,"column":17},"end":{"line":59,"column":null}},"80":{"start":{"line":60,"column":19},"end":{"line":60,"column":49}},"81":{"start":{"line":61,"column":19},"end":{"line":61,"column":null}},"82":{"start":{"line":84,"column":15},"end":{"line":84,"column":null}},"83":{"start":{"line":103,"column":15},"end":{"line":103,"column":null}},"84":{"start":{"line":112,"column":17},"end":{"line":112,"column":null}},"85":{"start":{"line":133,"column":11},"end":{"line":133,"column":null}},"86":{"start":{"line":6,"column":14},"end":{"line":6,"column":null}},"87":{"start":{"line":21,"column":26},"end":{"line":21,"column":56}},"88":{"start":{"line":37,"column":26},"end":{"line":37,"column":46}},"89":{"start":{"line":49,"column":26},"end":{"line":49,"column":48}},"90":{"start":{"line":57,"column":20},"end":{"line":57,"column":null}},"91":{"start":{"line":65,"column":33},"end":{"line":65,"column":54}},"92":{"start":{"line":85,"column":28},"end":{"line":85,"column":85}},"93":{"start":{"line":88,"column":28},"end":{"line":88,"column":96}},"94":{"start":{"line":91,"column":28},"end":{"line":91,"column":82}},"95":{"start":{"line":136,"column":21},"end":{"line":136,"column":null}}},"fnMap":{"0":{"name":"(anonymous_0)","decl":{"start":{"line":175,"column":10},"end":{"line":175,"column":16}},"loc":{"start":{"line":175,"column":16},"end":{"line":177,"column":1}},"line":175},"1":{"name":"refreshChatList","decl":{"start":{"line":179,"column":15},"end":{"line":179,"column":33}},"loc":{"start":{"line":179,"column":33},"end":{"line":185,"column":null}},"line":179},"2":{"name":"startNewChat","decl":{"start":{"line":187,"column":15},"end":{"line":187,"column":30}},"loc":{"start":{"line":187,"column":30},"end":{"line":197,"column":null}},"line":187},"3":{"name":"loadChat","decl":{"start":{"line":199,"column":9},"end":{"line":199,"column":18}},"loc":{"start":{"line":199,"column":34},"end":{"line":206,"column":null}},"line":199},"4":{"name":"deleteChat","decl":{"start":{"line":208,"column":15},"end":{"line":208,"column":26}},"loc":{"start":{"line":208,"column":42},"end":{"line":220,"column":null}},"line":208},"5":{"name":"formatTime","decl":{"start":{"line":222,"column":9},"end":{"line":222,"column":20}},"loc":{"start":{"line":222,"column":47},"end":{"line":235,"column":null}},"line":222},"6":{"name":"sendMessage","decl":{"start":{"line":237,"column":15},"end":{"line":237,"column":29}},"loc":{"start":{"line":237,"column":29},"end":{"line":292,"column":null}},"line":237},"7":{"name":"sendSuggestion","decl":{"start":{"line":294,"column":9},"end":{"line":294,"column":24}},"loc":{"start":{"line":294,"column":44},"end":{"line":297,"column":null}},"line":294},"8":{"name":"scrollToBottom","decl":{"start":{"line":299,"column":9},"end":{"line":299,"column":26}},"loc":{"start":{"line":299,"column":26},"end":{"line":305,"column":null}},"line":299},"9":{"name":"(anonymous_9)","decl":{"start":{"line":300,"column":11},"end":{"line":300,"column":17}},"loc":{"start":{"line":300,"column":17},"end":{"line":304,"column":3}},"line":300},"10":{"name":"(anonymous_10)","decl":{"start":{"line":6,"column":12},"end":{"line":6,"column":14}},"loc":{"start":{"line":6,"column":14},"end":{"line":6,"column":null}},"line":6},"11":{"name":"(anonymous_11)","decl":{"start":{"line":21,"column":24},"end":{"line":21,"column":26}},"loc":{"start":{"line":21,"column":26},"end":{"line":21,"column":56}},"line":21},"12":{"name":"(anonymous_12)","decl":{"start":{"line":37,"column":24},"end":{"line":37,"column":26}},"loc":{"start":{"line":37,"column":26},"end":{"line":37,"column":46}},"line":37},"13":{"name":"(anonymous_13)","decl":{"start":{"line":49,"column":24},"end":{"line":49,"column":26}},"loc":{"start":{"line":49,"column":26},"end":{"line":49,"column":48}},"line":49},"14":{"name":"(anonymous_14)","decl":{"start":{"line":57,"column":18},"end":{"line":57,"column":20}},"loc":{"start":{"line":57,"column":20},"end":{"line":57,"column":null}},"line":57},"15":{"name":"(anonymous_15)","decl":{"start":{"line":65,"column":26},"end":{"line":65,"column":33}},"loc":{"start":{"line":65,"column":33},"end":{"line":65,"column":54}},"line":65},"16":{"name":"(anonymous_16)","decl":{"start":{"line":85,"column":26},"end":{"line":85,"column":28}},"loc":{"start":{"line":85,"column":28},"end":{"line":85,"column":85}},"line":85},"17":{"name":"(anonymous_17)","decl":{"start":{"line":88,"column":26},"end":{"line":88,"column":28}},"loc":{"start":{"line":88,"column":28},"end":{"line":88,"column":96}},"line":88},"18":{"name":"(anonymous_18)","decl":{"start":{"line":91,"column":26},"end":{"line":91,"column":28}},"loc":{"start":{"line":91,"column":28},"end":{"line":91,"column":82}},"line":91},"19":{"name":"(anonymous_19)","decl":{"start":{"line":141,"column":12},"end":{"line":141,"column":null}},"loc":{"start":{"line":136,"column":21},"end":{"line":136,"column":null}},"line":136}},"branchMap":{"0":{"loc":{"start":{"line":209,"column":2},"end":{"line":219,"column":null}},"type":"if","locations":[{"start":{"line":209,"column":2},"end":{"line":219,"column":null}},{"start":{},"end":{}}],"line":209},"1":{"loc":{"start":{"line":212,"column":6},"end":{"line":214,"column":null}},"type":"if","locations":[{"start":{"line":212,"column":6},"end":{"line":214,"column":null}},{"start":{},"end":{}}],"line":212},"2":{"loc":{"start":{"line":230,"column":2},"end":{"line":230,"column":null}},"type":"if","locations":[{"start":{"line":230,"column":2},"end":{"line":230,"column":null}},{"start":{},"end":{}}],"line":230},"3":{"loc":{"start":{"line":231,"column":2},"end":{"line":231,"column":null}},"type":"if","locations":[{"start":{"line":231,"column":2},"end":{"line":231,"column":null}},{"start":{},"end":{}}],"line":231},"4":{"loc":{"start":{"line":232,"column":2},"end":{"line":232,"column":null}},"type":"if","locations":[{"start":{"line":232,"column":2},"end":{"line":232,"column":null}},{"start":{},"end":{}}],"line":232},"5":{"loc":{"start":{"line":233,"column":2},"end":{"line":233,"column":null}},"type":"if","locations":[{"start":{"line":233,"column":2},"end":{"line":233,"column":null}},{"start":{},"end":{}}],"line":233},"6":{"loc":{"start":{"line":238,"column":2},"end":{"line":240,"column":null}},"type":"if","locations":[{"start":{"line":238,"column":2},"end":{"line":240,"column":null}},{"start":{},"end":{}}],"line":238},"7":{"loc":{"start":{"line":238,"column":6},"end":{"line":238,"column":53}},"type":"binary-expr","locations":[{"start":{"line":238,"column":6},"end":{"line":238,"column":33}},{"start":{"line":238,"column":33},"end":{"line":238,"column":53}}],"line":238},"8":{"loc":{"start":{"line":257,"column":23},"end":{"line":257,"column":null}},"type":"binary-expr","locations":[{"start":{"line":257,"column":23},"end":{"line":257,"column":53}},{"start":{"line":257,"column":53},"end":{"line":257,"column":null}}],"line":257},"9":{"loc":{"start":{"line":263,"column":4},"end":{"line":266,"column":null}},"type":"if","locations":[{"start":{"line":263,"column":4},"end":{"line":266,"column":null}},{"start":{},"end":{}}],"line":263},"10":{"loc":{"start":{"line":263,"column":8},"end":{"line":263,"column":49}},"type":"binary-expr","locations":[{"start":{"line":263,"column":8},"end":{"line":263,"column":27}},{"start":{"line":263,"column":27},"end":{"line":263,"column":49}}],"line":263},"11":{"loc":{"start":{"line":269,"column":4},"end":{"line":274,"column":null}},"type":"if","locations":[{"start":{"line":269,"column":4},"end":{"line":274,"column":null}},{"start":{},"end":{}}],"line":269},"12":{"loc":{"start":{"line":276,"column":4},"end":{"line":281,"column":null}},"type":"if","locations":[{"start":{"line":276,"column":4},"end":{"line":281,"column":null}},{"start":{},"end":{}}],"line":276},"13":{"loc":{"start":{"line":301,"column":4},"end":{"line":303,"column":null}},"type":"if","locations":[{"start":{"line":301,"column":4},"end":{"line":303,"column":null}},{"start":{},"end":{}}],"line":301},"14":{"loc":{"start":{"line":6,"column":12},"end":{"line":6,"column":null}},"type":"binary-expr","locations":[{"start":{"line":6,"column":12},"end":{"line":6,"column":14}},{"start":{"line":6,"column":12},"end":{"line":6,"column":null}}],"line":6},"15":{"loc":{"start":{"line":13,"column":35},"end":{"line":13,"column":76}},"type":"cond-expr","locations":[{"start":{"line":13,"column":46},"end":{"line":13,"column":76}},{"start":{"line":13,"column":66},"end":{"line":13,"column":76}}],"line":13},"16":{"loc":{"start":{"line":21,"column":24},"end":{"line":21,"column":56}},"type":"binary-expr","locations":[{"start":{"line":21,"column":24},"end":{"line":21,"column":26}},{"start":{"line":21,"column":24},"end":{"line":21,"column":56}}],"line":21},"17":{"loc":{"start":{"line":29,"column":10},"end":{"line":29,"column":48}},"type":"binary-expr","locations":[{"start":{"line":29,"column":10},"end":{"line":29,"column":14}},{"start":{"line":29,"column":10},"end":{"line":29,"column":48}}],"line":29},"18":{"loc":{"start":{"line":37,"column":24},"end":{"line":37,"column":46}},"type":"binary-expr","locations":[{"start":{"line":37,"column":24},"end":{"line":37,"column":26}},{"start":{"line":37,"column":24},"end":{"line":37,"column":46}}],"line":37},"19":{"loc":{"start":{"line":50,"column":14},"end":{"line":48,"column":31}},"type":"binary-expr","locations":[{"start":{"line":50,"column":14},"end":{"line":50,"column":null}},{"start":{"line":50,"column":14},"end":{"line":48,"column":31}}],"line":50},"20":{"loc":{"start":{"line":49,"column":24},"end":{"line":49,"column":48}},"type":"binary-expr","locations":[{"start":{"line":49,"column":24},"end":{"line":49,"column":26}},{"start":{"line":49,"column":24},"end":{"line":49,"column":48}}],"line":49},"21":{"loc":{"start":{"line":71,"column":21},"end":{"line":73,"column":16}},"type":"cond-expr","locations":[{"start":{"line":71,"column":36},"end":{"line":73,"column":16}},{"start":{"line":73,"column":10},"end":{"line":73,"column":16}}],"line":71},"22":{"loc":{"start":{"line":83,"column":10},"end":{"line":83,"column":97}},"type":"binary-expr","locations":[{"start":{"line":83,"column":10},"end":{"line":83,"column":13}},{"start":{"line":83,"column":10},"end":{"line":83,"column":97}}],"line":83},"23":{"loc":{"start":{"line":85,"column":26},"end":{"line":85,"column":85}},"type":"binary-expr","locations":[{"start":{"line":85,"column":26},"end":{"line":85,"column":28}},{"start":{"line":85,"column":26},"end":{"line":85,"column":85}}],"line":85},"24":{"loc":{"start":{"line":88,"column":26},"end":{"line":88,"column":96}},"type":"binary-expr","locations":[{"start":{"line":88,"column":26},"end":{"line":88,"column":28}},{"start":{"line":88,"column":26},"end":{"line":88,"column":96}}],"line":88},"25":{"loc":{"start":{"line":91,"column":26},"end":{"line":91,"column":82}},"type":"binary-expr","locations":[{"start":{"line":91,"column":26},"end":{"line":91,"column":28}},{"start":{"line":91,"column":26},"end":{"line":91,"column":82}}],"line":91},"26":{"loc":{"start":{"line":107,"column":20},"end":{"line":108,"column":26}},"type":"binary-expr","locations":[{"start":{"line":107,"column":20},"end":{"line":107,"column":null}},{"start":{"line":107,"column":20},"end":{"line":108,"column":26}}],"line":107},"27":{"loc":{"start":{"line":141,"column":12},"end":{"line":136,"column":null}},"type":"binary-expr","locations":[{"start":{"line":141,"column":12},"end":{"line":141,"column":null}},{"start":{"line":141,"column":12},"end":{"line":136,"column":null}}],"line":141},"28":{"loc":{"start":{"line":145,"column":21},"end":{"line":145,"column":null}},"type":"binary-expr","locations":[{"start":{"line":145,"column":21},"end":{"line":145,"column":44}},{"start":{"line":145,"column":44},"end":{"line":145,"column":null}}],"line":145}},"s":{"0":6,"1":6,"2":6,"3":6,"4":6,"5":6,"6":6,"7":6,"8":6,"9":6,"10":6,"11":6,"12":6,"13":6,"14":0,"15":0,"16":0,"17":0,"18":0,"19":0,"20":0,"21":0,"22":0,"23":0,"24":0,"25":0,"26":0,"27":0,"28":0,"29":0,"30":0,"31":0,"32":0,"33":0,"34":0,"35":0,"36":0,"37":0,"38":0,"39":0,"40":0,"41":0,"42":0,"43":0,"44":0,"45":0,"46":0,"47":0,"48":0,"49":0,"50":0,"51":0,"52":0,"53":0,"54":0,"55":0,"56":0,"57":0,"58":0,"59":0,"60":0,"61":0,"62":0,"63":0,"64":0,"65":0,"66":0,"67":0,"68":0,"69":0,"70":0,"71":0,"72":0,"73":1,"74":1,"75":1,"76":1,"77":1,"78":1,"79":1,"80":1,"81":1,"82":1,"83":1,"84":1,"85":1,"86":0,"87":0,"88":0,"89":0,"90":0,"91":0,"92":0,"93":0,"94":0,"95":0},"f":{"0":6,"1":6,"2":0,"3":0,"4":0,"5":0,"6":0,"7":0,"8":0,"9":0,"10":0,"11":0,"12":0,"13":0,"14":0,"15":0,"16":0,"17":0,"18":0,"19":0},"b":{"0":[0,0],"1":[0,0],"2":[0,0],"3":[0,0],"4":[0,0],"5":[0,0],"6":[0,0],"7":[0,0],"8":[0,0],"9":[0,0],"10":[0,0],"11":[0,0],"12":[0,0],"13":[0,0],"14":[6,6],"15":[0,6],"16":[0,0],"17":[0,0],"18":[0,0],"19":[0,0],"20":[0,0],"21":[0,0],"22":[0,0],"23":[0,0],"24":[0,0],"25":[0,0],"26":[0,0],"27":[0,0],"28":[0,0]},"meta":{"lastBranch":0,"lastFunction":0,"lastStatement":0,"seen":{}}}
,"C:\\Users\\Mason\\IdeaProjects\\Lineage\\frontend\\src\\components\\HelloWorld.vue": {"path":"C:\\Users\\Mason\\IdeaProjects\\Lineage\\frontend\\src\\components\\HelloWorld.vue","statementMap":{"0":{"start":{"line":6,"column":6},"end":{"line":6,"column":null}},"1":{"start":{"line":12,"column":7},"end":{"line":12,"column":null}},"2":{"start":{"line":13,"column":34},"end":{"line":13,"column":43}}},"fnMap":{"0":{"name":"(anonymous_0)","decl":{"start":{"line":13,"column":32},"end":{"line":13,"column":34}},"loc":{"start":{"line":13,"column":34},"end":{"line":13,"column":43}},"line":13}},"branchMap":{"0":{"loc":{"start":{"line":13,"column":32},"end":{"line":13,"column":43}},"type":"binary-expr","locations":[{"start":{"line":13,"column":32},"end":{"line":13,"column":34}},{"start":{"line":13,"column":32},"end":{"line":13,"column":43}}],"line":13},"1":{"loc":{"start":{"line":34,"column":2},"end":{"line":34,"column":76}},"type":"binary-expr","locations":[{"start":{"line":34,"column":2},"end":{"line":34,"column":5}},{"start":{"line":34,"column":2},"end":{"line":34,"column":76}}],"line":34}},"s":{"0":2,"1":1,"2":0},"f":{"0":0},"b":{"0":[2,2],"1":[2,2]},"meta":{"lastBranch":0,"lastFunction":0,"lastStatement":0,"seen":{}}}
,"C:\\Users\\Mason\\IdeaProjects\\Lineage\\frontend\\src\\components\\RequirementTreeView.vue": {"path":"C:\\Users\\Mason\\IdeaProjects\\Lineage\\frontend\\src\\components\\RequirementTreeView.vue","statementMap":{"0":{"start":{"line":75,"column":14},"end":{"line":75,"column":null}},"1":{"start":{"line":81,"column":13},"end":{"line":81,"column":null}},"2":{"start":{"line":86,"column":6},"end":{"line":120,"column":null}},"3":{"start":{"line":89,"column":2},"end":{"line":116,"column":null}},"4":{"start":{"line":91,"column":4},"end":{"line":91,"column":null}},"5":{"start":{"line":91,"column":47},"end":{"line":91,"column":60}},"6":{"start":{"line":94,"column":30},"end":{"line":94,"column":null}},"7":{"start":{"line":94,"column":63},"end":{"line":94,"column":94}},"8":{"start":{"line":98,"column":27},"end":{"line":102,"column":null}},"9":{"start":{"line":100,"column":24},"end":{"line":100,"column":100}},"10":{"start":{"line":101,"column":21},"end":{"line":101,"column":40}},"11":{"start":{"line":104,"column":27},"end":{"line":104,"column":null}},"12":{"start":{"line":104,"column":60},"end":{"line":104,"column":86}},"13":{"start":{"line":107,"column":27},"end":{"line":107,"column":null}},"14":{"start":{"line":108,"column":4},"end":{"line":110,"column":null}},"15":{"start":{"line":109,"column":6},"end":{"line":109,"column":null}},"16":{"start":{"line":111,"column":4},"end":{"line":113,"column":null}},"17":{"start":{"line":112,"column":6},"end":{"line":112,"column":null}},"18":{"start":{"line":115,"column":4},"end":{"line":115,"column":null}},"19":{"start":{"line":119,"column":2},"end":{"line":119,"column":null}},"20":{"start":{"line":119,"column":26},"end":{"line":119,"column":63}},"21":{"start":{"line":124,"column":28},"end":{"line":124,"column":null}},"22":{"start":{"line":124,"column":59},"end":{"line":124,"column":81}},"23":{"start":{"line":125,"column":2},"end":{"line":125,"column":null}},"24":{"start":{"line":125,"column":25},"end":{"line":125,"column":null}},"25":{"start":{"line":128,"column":8},"end":{"line":130,"column":null}},"26":{"start":{"line":129,"column":12},"end":{"line":129,"column":null}},"27":{"start":{"line":131,"column":2},"end":{"line":131,"column":null}},"28":{"start":{"line":135,"column":2},"end":{"line":135,"column":null}},"29":{"start":{"line":2,"column":7},"end":{"line":2,"column":null}},"30":{"start":{"line":32,"column":14},"end":{"line":32,"column":43}},"31":{"start":{"line":33,"column":14},"end":{"line":33,"column":49}},"32":{"start":{"line":13,"column":16},"end":{"line":13,"column":null}},"33":{"start":{"line":17,"column":23},"end":{"line":17,"column":null}},"34":{"start":{"line":54,"column":21},"end":{"line":54,"column":null}}},"fnMap":{"0":{"name":"(anonymous_0)","decl":{"start":{"line":86,"column":34},"end":{"line":86,"column":40}},"loc":{"start":{"line":86,"column":40},"end":{"line":120,"column":1}},"line":86},"1":{"name":"(anonymous_1)","decl":{"start":{"line":91,"column":40},"end":{"line":91,"column":47}},"loc":{"start":{"line":91,"column":47},"end":{"line":91,"column":60}},"line":91},"2":{"name":"(anonymous_2)","decl":{"start":{"line":94,"column":56},"end":{"line":94,"column":63}},"loc":{"start":{"line":94,"column":63},"end":{"line":94,"column":94}},"line":94},"3":{"name":"(anonymous_3)","decl":{"start":{"line":100,"column":16},"end":{"line":100,"column":24}},"loc":{"start":{"line":100,"column":24},"end":{"line":100,"column":100}},"line":100},"4":{"name":"(anonymous_4)","decl":{"start":{"line":101,"column":13},"end":{"line":101,"column":21}},"loc":{"start":{"line":101,"column":21},"end":{"line":101,"column":40}},"line":101},"5":{"name":"(anonymous_5)","decl":{"start":{"line":104,"column":53},"end":{"line":104,"column":60}},"loc":{"start":{"line":104,"column":60},"end":{"line":104,"column":86}},"line":104},"6":{"name":"(anonymous_6)","decl":{"start":{"line":119,"column":22},"end":{"line":119,"column":23}},"loc":{"start":{"line":119,"column":26},"end":{"line":119,"column":63}},"line":119},"7":{"name":"hasChildren","decl":{"start":{"line":122,"column":9},"end":{"line":122,"column":21}},"loc":{"start":{"line":122,"column":45},"end":{"line":132,"column":null}},"line":122},"8":{"name":"(anonymous_8)","decl":{"start":{"line":124,"column":52},"end":{"line":124,"column":59}},"loc":{"start":{"line":124,"column":59},"end":{"line":124,"column":81}},"line":124},"9":{"name":"(anonymous_9)","decl":{"start":{"line":129,"column":4},"end":{"line":129,"column":12}},"loc":{"start":{"line":129,"column":12},"end":{"line":129,"column":null}},"line":129},"10":{"name":"toggleExpand","decl":{"start":{"line":134,"column":9},"end":{"line":134,"column":22}},"loc":{"start":{"line":134,"column":34},"end":{"line":136,"column":null}},"line":134},"11":{"name":"(anonymous_11)","decl":{"start":{"line":13,"column":14},"end":{"line":13,"column":16}},"loc":{"start":{"line":13,"column":16},"end":{"line":13,"column":null}},"line":13},"12":{"name":"(anonymous_12)","decl":{"start":{"line":17,"column":16},"end":{"line":17,"column":23}},"loc":{"start":{"line":17,"column":23},"end":{"line":17,"column":null}},"line":17},"13":{"name":"(anonymous_13)","decl":{"start":{"line":54,"column":19},"end":{"line":54,"column":21}},"loc":{"start":{"line":54,"column":21},"end":{"line":54,"column":null}},"line":54}},"branchMap":{"0":{"loc":{"start":{"line":89,"column":2},"end":{"line":116,"column":null}},"type":"if","locations":[{"start":{"line":89,"column":2},"end":{"line":116,"column":null}},{"start":{"line":92,"column":9},"end":{"line":116,"column":null}}],"line":89},"1":{"loc":{"start":{"line":99,"column":7},"end":{"line":99,"column":null}},"type":"binary-expr","locations":[{"start":{"line":99,"column":7},"end":{"line":99,"column":33}},{"start":{"line":99,"column":33},"end":{"line":99,"column":null}}],"line":99},"2":{"loc":{"start":{"line":100,"column":24},"end":{"line":100,"column":100}},"type":"binary-expr","locations":[{"start":{"line":100,"column":24},"end":{"line":100,"column":71}},{"start":{"line":100,"column":71},"end":{"line":100,"column":100}}],"line":100},"3":{"loc":{"start":{"line":125,"column":2},"end":{"line":125,"column":null}},"type":"if","locations":[{"start":{"line":125,"column":2},"end":{"line":125,"column":null}},{"start":{},"end":{}}],"line":125},"4":{"loc":{"start":{"line":128,"column":29},"end":{"line":128,"column":59}},"type":"binary-expr","locations":[{"start":{"line":128,"column":29},"end":{"line":128,"column":55}},{"start":{"line":128,"column":55},"end":{"line":128,"column":59}}],"line":128},"5":{"loc":{"start":{"line":129,"column":12},"end":{"line":129,"column":null}},"type":"binary-expr","locations":[{"start":{"line":129,"column":12},"end":{"line":129,"column":50}},{"start":{"line":129,"column":50},"end":{"line":129,"column":null}}],"line":129},"6":{"loc":{"start":{"line":9,"column":126},"end":{"line":9,"column":null}},"type":"cond-expr","locations":[{"start":{"line":9,"column":147},"end":{"line":9,"column":null}},{"start":{"line":9,"column":147},"end":{"line":9,"column":null}}],"line":9},"7":{"loc":{"start":{"line":16,"column":16},"end":{"line":30,"column":null}},"type":"cond-expr","locations":[{"start":{"line":16,"column":34},"end":{"line":30,"column":21}},{"start":{"line":30,"column":8},"end":{"line":30,"column":null}}],"line":16},"8":{"loc":{"start":{"line":36,"column":16},"end":{"line":36,"column":null}},"type":"binary-expr","locations":[{"start":{"line":36,"column":16},"end":{"line":36,"column":47}},{"start":{"line":36,"column":47},"end":{"line":36,"column":null}}],"line":36},"9":{"loc":{"start":{"line":37,"column":68},"end":{"line":37,"column":null}},"type":"cond-expr","locations":[{"start":{"line":37,"column":80},"end":{"line":37,"column":null}},{"start":{"line":37,"column":80},"end":{"line":37,"column":null}}],"line":37},"10":{"loc":{"start":{"line":45,"column":14},"end":{"line":45,"column":null}},"type":"binary-expr","locations":[{"start":{"line":45,"column":14},"end":{"line":45,"column":38}},{"start":{"line":45,"column":38},"end":{"line":45,"column":null}}],"line":45},"11":{"loc":{"start":{"line":54,"column":19},"end":{"line":54,"column":null}},"type":"binary-expr","locations":[{"start":{"line":54,"column":19},"end":{"line":54,"column":21}},{"start":{"line":54,"column":19},"end":{"line":54,"column":null}}],"line":54}},"s":{"0":3,"1":3,"2":3,"3":3,"4":3,"5":1,"6":0,"7":0,"8":0,"9":0,"10":0,"11":0,"12":0,"13":0,"14":0,"15":0,"16":0,"17":0,"18":0,"19":3,"20":0,"21":1,"22":1,"23":1,"24":0,"25":1,"26":0,"27":1,"28":0,"29":3,"30":3,"31":3,"32":0,"33":0,"34":0},"f":{"0":3,"1":1,"2":0,"3":0,"4":0,"5":0,"6":0,"7":1,"8":1,"9":0,"10":0,"11":0,"12":0,"13":0},"b":{"0":[3,0],"1":[0,0],"2":[0,0],"3":[0,1],"4":[1,0],"5":[0,0],"6":[0,1],"7":[0,1],"8":[1,1],"9":[0,0],"10":[1,0],"11":[0,0]},"meta":{"lastBranch":0,"lastFunction":0,"lastStatement":0,"seen":{}}}
,"C:\\Users\\Mason\\IdeaProjects\\Lineage\\frontend\\src\\components\\requirements\\PriorityBadge.vue": {"path":"C:\\Users\\Mason\\IdeaProjects\\Lineage\\frontend\\src\\components\\requirements\\PriorityBadge.vue","statementMap":{"0":{"start":{"line":15,"column":14},"end":{"line":15,"column":null}},"1":{"start":{"line":16,"column":27},"end":{"line":16,"column":null}},"2":{"start":{"line":18,"column":6},"end":{"line":18,"column":null}},"3":{"start":{"line":18,"column":39},"end":{"line":18,"column":73}},"4":{"start":{"line":2,"column":2},"end":{"line":3,"column":null}}},"fnMap":{"0":{"name":"(anonymous_0)","decl":{"start":{"line":18,"column":33},"end":{"line":18,"column":39}},"loc":{"start":{"line":18,"column":39},"end":{"line":18,"column":73}},"line":18}},"branchMap":{},"s":{"0":6,"1":6,"2":6,"3":6,"4":6},"f":{"0":6},"b":{},"meta":{"lastBranch":0,"lastFunction":1,"lastStatement":5,"seen":{"s:15:14:15:Infinity":0,"s:16:27:16:Infinity":1,"s:18:6:18:Infinity":2,"f:18:33:18:39":0,"s:18:39:18:73":3,"s:2:2:3:Infinity":4}}}
,"C:\\Users\\Mason\\IdeaProjects\\Lineage\\frontend\\src\\components\\requirements\\RequirementCard.vue": {"path":"C:\\Users\\Mason\\IdeaProjects\\Lineage\\frontend\\src\\components\\requirements\\RequirementCard.vue","statementMap":{"0":{"start":{"line":6,"column":9},"end":{"line":6,"column":null}},"1":{"start":{"line":7,"column":11},"end":{"line":7,"column":null}},"2":{"start":{"line":8,"column":13},"end":{"line":8,"column":null}},"3":{"start":{"line":9,"column":15},"end":{"line":9,"column":null}},"4":{"start":{"line":10,"column":18},"end":{"line":10,"column":null}},"5":{"start":{"line":13,"column":18},"end":{"line":13,"column":174}},"6":{"start":{"line":16,"column":16},"end":{"line":16,"column":60}},"7":{"start":{"line":18,"column":13},"end":{"line":18,"column":null}},"8":{"start":{"line":21,"column":15},"end":{"line":21,"column":null}},"9":{"start":{"line":4,"column":12},"end":{"line":4,"column":null}}},"fnMap":{"0":{"name":"(anonymous_0)","decl":{"start":{"line":4,"column":10},"end":{"line":4,"column":12}},"loc":{"start":{"line":4,"column":12},"end":{"line":4,"column":null}},"line":4}},"branchMap":{"0":{"loc":{"start":{"line":4,"column":10},"end":{"line":4,"column":null}},"type":"binary-expr","locations":[{"start":{"line":4,"column":10},"end":{"line":4,"column":12}},{"start":{"line":4,"column":10},"end":{"line":4,"column":null}}],"line":4},"1":{"loc":{"start":{"line":19,"column":15},"end":{"line":19,"column":null}},"type":"binary-expr","locations":[{"start":{"line":19,"column":15},"end":{"line":19,"column":38}},{"start":{"line":19,"column":38},"end":{"line":19,"column":null}}],"line":19},"2":{"loc":{"start":{"line":25,"column":20},"end":{"line":30,"column":19}},"type":"cond-expr","locations":[{"start":{"line":25,"column":48},"end":{"line":30,"column":19}},{"start":{"line":30,"column":12},"end":{"line":30,"column":19}}],"line":25},"3":{"loc":{"start":{"line":29,"column":19},"end":{"line":29,"column":50}},"type":"binary-expr","locations":[{"start":{"line":29,"column":19},"end":{"line":29,"column":42}},{"start":{"line":29,"column":42},"end":{"line":29,"column":50}}],"line":29},"4":{"loc":{"start":{"line":32,"column":20},"end":{"line":37,"column":19}},"type":"cond-expr","locations":[{"start":{"line":32,"column":49},"end":{"line":37,"column":19}},{"start":{"line":37,"column":12},"end":{"line":37,"column":19}}],"line":32},"5":{"loc":{"start":{"line":36,"column":17},"end":{"line":36,"column":49}},"type":"binary-expr","locations":[{"start":{"line":36,"column":17},"end":{"line":36,"column":41}},{"start":{"line":36,"column":41},"end":{"line":36,"column":49}}],"line":36}},"s":{"0":2,"1":2,"2":2,"3":2,"4":2,"5":2,"6":2,"7":2,"8":2,"9":0},"f":{"0":0},"b":{"0":[2,2],"1":[2,0],"2":[0,2],"3":[0,0],"4":[0,2],"5":[0,0]},"meta":{"lastBranch":6,"lastFunction":1,"lastStatement":10,"seen":{"s:6:9:6:Infinity":0,"s:7:11:7:Infinity":1,"s:8:13:8:Infinity":2,"s:9:15:9:Infinity":3,"s:10:18:10:Infinity":4,"s:13:18:13:174":5,"s:16:16:16:60":6,"s:18:13:18:Infinity":7,"s:21:15:21:Infinity":8,"b:4:10:4:12:4:10:4:Infinity":0,"f:4:10:4:12":0,"s:4:12:4:Infinity":9,"b:19:15:19:38:19:38:19:Infinity":1,"b:25:48:30:19:30:12:30:19":2,"b:29:19:29:42:29:42:29:50":3,"b:32:49:37:19:37:12:37:19":4,"b:36:17:36:41:36:41:36:49":5}}}
,"C:\\Users\\Mason\\IdeaProjects\\Lineage\\frontend\\src\\components\\requirements\\RequirementForm.vue": {"path":"C:\\Users\\Mason\\IdeaProjects\\Lineage\\frontend\\src\\components\\requirements\\RequirementForm.vue","statementMap":{"0":{"start":{"line":120,"column":14},"end":{"line":120,"column":null}},"1":{"start":{"line":125,"column":13},"end":{"line":125,"column":null}},"2":{"start":{"line":132,"column":2},"end":{"line":135,"column":null}},"3":{"start":{"line":3,"column":9},"end":{"line":3,"column":null}},"4":{"start":{"line":7,"column":13},"end":{"line":7,"column":null}},"5":{"start":{"line":52,"column":11},"end":{"line":52,"column":null}},"6":{"start":{"line":85,"column":9},"end":{"line":85,"column":null}},"7":{"start":{"line":2,"column":25},"end":{"line":2,"column":null}},"8":{"start":{"line":18,"column":18},"end":{"line":18,"column":null}},"9":{"start":{"line":31,"column":18},"end":{"line":31,"column":null}},"10":{"start":{"line":43,"column":18},"end":{"line":43,"column":null}},"11":{"start":{"line":58,"column":21},"end":{"line":58,"column":null}},"12":{"start":{"line":72,"column":21},"end":{"line":72,"column":null}},"13":{"start":{"line":88,"column":16},"end":{"line":88,"column":null}}},"fnMap":{"0":{"name":"updateField","decl":{"start":{"line":131,"column":9},"end":{"line":131,"column":21}},"loc":{"start":{"line":131,"column":59},"end":{"line":136,"column":null}},"line":131},"1":{"name":"(anonymous_1)","decl":{"start":{"line":2,"column":15},"end":{"line":2,"column":25}},"loc":{"start":{"line":2,"column":25},"end":{"line":2,"column":null}},"line":2},"2":{"name":"(anonymous_2)","decl":{"start":{"line":18,"column":16},"end":{"line":18,"column":18}},"loc":{"start":{"line":18,"column":18},"end":{"line":18,"column":null}},"line":18},"3":{"name":"(anonymous_3)","decl":{"start":{"line":31,"column":16},"end":{"line":31,"column":18}},"loc":{"start":{"line":31,"column":18},"end":{"line":31,"column":null}},"line":31},"4":{"name":"(anonymous_4)","decl":{"start":{"line":43,"column":16},"end":{"line":43,"column":18}},"loc":{"start":{"line":43,"column":18},"end":{"line":43,"column":null}},"line":43},"5":{"name":"(anonymous_5)","decl":{"start":{"line":58,"column":19},"end":{"line":58,"column":21}},"loc":{"start":{"line":58,"column":21},"end":{"line":58,"column":null}},"line":58},"6":{"name":"(anonymous_6)","decl":{"start":{"line":72,"column":19},"end":{"line":72,"column":21}},"loc":{"start":{"line":72,"column":21},"end":{"line":72,"column":null}},"line":72},"7":{"name":"(anonymous_7)","decl":{"start":{"line":88,"column":14},"end":{"line":88,"column":16}},"loc":{"start":{"line":88,"column":16},"end":{"line":88,"column":null}},"line":88}},"branchMap":{"0":{"loc":{"start":{"line":2,"column":15},"end":{"line":2,"column":null}},"type":"binary-expr","locations":[{"start":{"line":2,"column":15},"end":{"line":2,"column":25}},{"start":{"line":2,"column":15},"end":{"line":2,"column":null}}],"line":2},"1":{"loc":{"start":{"line":5,"column":17},"end":{"line":8,"column":null}},"type":"cond-expr","locations":[{"start":{"line":5,"column":17},"end":{"line":8,"column":null}},{"start":{"line":8,"column":68},"end":{"line":8,"column":null}}],"line":5},"2":{"loc":{"start":{"line":10,"column":12},"end":{"line":6,"column":88}},"type":"binary-expr","locations":[{"start":{"line":10,"column":12},"end":{"line":10,"column":null}},{"start":{"line":10,"column":12},"end":{"line":6,"column":88}}],"line":10},"3":{"loc":{"start":{"line":23,"column":12},"end":{"line":14,"column":109}},"type":"binary-expr","locations":[{"start":{"line":23,"column":12},"end":{"line":23,"column":null}},{"start":{"line":23,"column":12},"end":{"line":14,"column":109}}],"line":23},"4":{"loc":{"start":{"line":18,"column":16},"end":{"line":18,"column":null}},"type":"binary-expr","locations":[{"start":{"line":18,"column":16},"end":{"line":18,"column":18}},{"start":{"line":18,"column":16},"end":{"line":18,"column":null}}],"line":18},"5":{"loc":{"start":{"line":35,"column":12},"end":{"line":27,"column":119}},"type":"binary-expr","locations":[{"start":{"line":35,"column":12},"end":{"line":35,"column":null}},{"start":{"line":35,"column":12},"end":{"line":27,"column":119}}],"line":35},"6":{"loc":{"start":{"line":31,"column":16},"end":{"line":31,"column":null}},"type":"binary-expr","locations":[{"start":{"line":31,"column":16},"end":{"line":31,"column":18}},{"start":{"line":31,"column":16},"end":{"line":31,"column":null}}],"line":31},"7":{"loc":{"start":{"line":49,"column":12},"end":{"line":39,"column":122}},"type":"binary-expr","locations":[{"start":{"line":49,"column":12},"end":{"line":49,"column":null}},{"start":{"line":49,"column":12},"end":{"line":39,"column":122}}],"line":49},"8":{"loc":{"start":{"line":43,"column":16},"end":{"line":43,"column":null}},"type":"binary-expr","locations":[{"start":{"line":43,"column":16},"end":{"line":43,"column":18}},{"start":{"line":43,"column":16},"end":{"line":43,"column":null}}],"line":43},"9":{"loc":{"start":{"line":48,"column":8},"end":{"line":48,"column":113}},"type":"binary-expr","locations":[{"start":{"line":48,"column":8},"end":{"line":48,"column":11}},{"start":{"line":48,"column":8},"end":{"line":48,"column":113}}],"line":48},"10":{"loc":{"start":{"line":66,"column":14},"end":{"line":54,"column":111}},"type":"binary-expr","locations":[{"start":{"line":66,"column":14},"end":{"line":66,"column":null}},{"start":{"line":66,"column":14},"end":{"line":54,"column":111}}],"line":66},"11":{"loc":{"start":{"line":58,"column":19},"end":{"line":58,"column":null}},"type":"binary-expr","locations":[{"start":{"line":58,"column":19},"end":{"line":58,"column":21}},{"start":{"line":58,"column":19},"end":{"line":58,"column":null}}],"line":58},"12":{"loc":{"start":{"line":59,"column":18},"end":{"line":64,"column":58}},"type":"binary-expr","locations":[{"start":{"line":59,"column":18},"end":{"line":59,"column":null}},{"start":{"line":59,"column":18},"end":{"line":64,"column":58}}],"line":59},"13":{"loc":{"start":{"line":80,"column":14},"end":{"line":68,"column":115}},"type":"binary-expr","locations":[{"start":{"line":80,"column":14},"end":{"line":80,"column":null}},{"start":{"line":80,"column":14},"end":{"line":68,"column":115}}],"line":80},"14":{"loc":{"start":{"line":72,"column":19},"end":{"line":72,"column":null}},"type":"binary-expr","locations":[{"start":{"line":72,"column":19},"end":{"line":72,"column":21}},{"start":{"line":72,"column":19},"end":{"line":72,"column":null}}],"line":72},"15":{"loc":{"start":{"line":73,"column":18},"end":{"line":78,"column":54}},"type":"binary-expr","locations":[{"start":{"line":73,"column":18},"end":{"line":73,"column":null}},{"start":{"line":73,"column":18},"end":{"line":78,"column":54}}],"line":73},"16":{"loc":{"start":{"line":88,"column":14},"end":{"line":88,"column":null}},"type":"binary-expr","locations":[{"start":{"line":88,"column":14},"end":{"line":88,"column":16}},{"start":{"line":88,"column":14},"end":{"line":88,"column":null}}],"line":88}},"s":{"0":3,"1":3,"2":0,"3":2,"4":2,"5":2,"6":2,"7":0,"8":0,"9":0,"10":0,"11":0,"12":0,"13":0},"f":{"0":0,"1":0,"2":0,"3":0,"4":0,"5":0,"6":0,"7":0},"b":{"0":[3,3],"1":[0,3],"2":[0,0],"3":[3,3],"4":[3,3],"5":[3,3],"6":[3,3],"7":[3,3],"8":[3,3],"9":[3,3],"10":[3,3],"11":[3,3],"12":[3,3],"13":[3,3],"14":[3,3],"15":[3,3],"16":[3,3]},"meta":{"lastBranch":17,"lastFunction":8,"lastStatement":14,"seen":{"s:120:14:120:Infinity":0,"s:125:13:125:Infinity":1,"f:131:9:131:21":0,"s:132:2:135:Infinity":2,"s:3:9:3:Infinity":3,"s:7:13:7:Infinity":4,"s:52:11:52:Infinity":5,"s:85:9:85:Infinity":6,"b:2:15:2:25:2:15:2:Infinity":0,"f:2:15:2:25":1,"s:2:25:2:Infinity":7,"b:5:17:8:Infinity:8:68:8:Infinity":1,"b:10:12:10:Infinity:10:12:6:88":2,"b:23:12:23:Infinity:23:12:14:109":3,"b:18:16:18:18:18:16:18:Infinity":4,"f:18:16:18:18":2,"s:18:18:18:Infinity":8,"b:35:12:35:Infinity:35:12:27:119":5,"b:31:16:31:18:31:16:31:Infinity":6,"f:31:16:31:18":3,"s:31:18:31:Infinity":9,"b:49:12:49:Infinity:49:12:39:122":7,"b:43:16:43:18:43:16:43:Infinity":8,"f:43:16:43:18":4,"s:43:18:43:Infinity":10,"b:48:8:48:11:48:8:48:113":9,"b:66:14:66:Infinity:66:14:54:111":10,"b:58:19:58:21:58:19:58:Infinity":11,"f:58:19:58:21":5,"s:58:21:58:Infinity":11,"b:59:18:59:Infinity:59:18:64:58":12,"b:80:14:80:Infinity:80:14:68:115":13,"b:72:19:72:21:72:19:72:Infinity":14,"f:72:19:72:21":6,"s:72:21:72:Infinity":12,"b:73:18:73:Infinity:73:18:78:54":15,"b:88:14:88:16:88:14:88:Infinity":16,"f:88:14:88:16":7,"s:88:16:88:Infinity":13}}}
,"C:\\Users\\Mason\\IdeaProjects\\Lineage\\frontend\\src\\components\\requirements\\RequirementHistory.vue": {"path":"C:\\Users\\Mason\\IdeaProjects\\Lineage\\frontend\\src\\components\\requirements\\RequirementHistory.vue","statementMap":{"0":{"start":{"line":145,"column":14},"end":{"line":145,"column":null}},"1":{"start":{"line":149,"column":6},"end":{"line":149,"column":null}},"2":{"start":{"line":150,"column":6},"end":{"line":150,"column":null}},"3":{"start":{"line":151,"column":6},"end":{"line":151,"column":null}},"4":{"start":{"line":152,"column":6},"end":{"line":152,"column":null}},"5":{"start":{"line":154,"column":0},"end":{"line":156,"column":null}},"6":{"start":{"line":155,"column":2},"end":{"line":155,"column":null}},"7":{"start":{"line":159,"column":2},"end":{"line":159,"column":null}},"8":{"start":{"line":160,"column":2},"end":{"line":160,"column":null}},"9":{"start":{"line":161,"column":2},"end":{"line":167,"column":null}},"10":{"start":{"line":162,"column":4},"end":{"line":162,"column":null}},"11":{"start":{"line":164,"column":4},"end":{"line":164,"column":null}},"12":{"start":{"line":166,"column":4},"end":{"line":166,"column":null}},"13":{"start":{"line":171,"column":17},"end":{"line":171,"column":null}},"14":{"start":{"line":172,"column":17},"end":{"line":172,"column":null}},"15":{"start":{"line":176,"column":28},"end":{"line":177,"column":null}},"16":{"start":{"line":179,"column":15},"end":{"line":179,"column":null}},"17":{"start":{"line":181,"column":15},"end":{"line":181,"column":null}},"18":{"start":{"line":183,"column":2},"end":{"line":193,"column":null}},"19":{"start":{"line":184,"column":20},"end":{"line":184,"column":null}},"20":{"start":{"line":186,"column":4},"end":{"line":192,"column":null}},"21":{"start":{"line":187,"column":6},"end":{"line":187,"column":null}},"22":{"start":{"line":188,"column":4},"end":{"line":192,"column":null}},"23":{"start":{"line":189,"column":6},"end":{"line":189,"column":null}},"24":{"start":{"line":191,"column":6},"end":{"line":191,"column":null}},"25":{"start":{"line":195,"column":2},"end":{"line":195,"column":null}},"26":{"start":{"line":199,"column":38},"end":{"line":205,"column":null}},"27":{"start":{"line":206,"column":2},"end":{"line":206,"column":null}},"28":{"start":{"line":206,"column":44},"end":{"line":206,"column":50}},"29":{"start":{"line":210,"column":38},"end":{"line":217,"column":null}},"30":{"start":{"line":218,"column":2},"end":{"line":218,"column":null}},"31":{"start":{"line":222,"column":38},"end":{"line":229,"column":null}},"32":{"start":{"line":230,"column":2},"end":{"line":230,"column":null}},"33":{"start":{"line":234,"column":38},"end":{"line":241,"column":null}},"34":{"start":{"line":242,"column":2},"end":{"line":242,"column":null}},"35":{"start":{"line":246,"column":2},"end":{"line":246,"column":null}},"36":{"start":{"line":246,"column":30},"end":{"line":246,"column":null}},"37":{"start":{"line":248,"column":17},"end":{"line":248,"column":null}},"38":{"start":{"line":249,"column":2},"end":{"line":253,"column":null}},"39":{"start":{"line":250,"column":19},"end":{"line":250,"column":null}},"40":{"start":{"line":251,"column":19},"end":{"line":251,"column":null}},"41":{"start":{"line":252,"column":4},"end":{"line":252,"column":null}},"42":{"start":{"line":257,"column":38},"end":{"line":265,"column":null}},"43":{"start":{"line":266,"column":2},"end":{"line":266,"column":null}},"44":{"start":{"line":270,"column":2},"end":{"line":270,"column":null}},"45":{"start":{"line":270,"column":45},"end":{"line":270,"column":null}},"46":{"start":{"line":271,"column":2},"end":{"line":271,"column":null}},"47":{"start":{"line":271,"column":33},"end":{"line":271,"column":null}},"48":{"start":{"line":272,"column":2},"end":{"line":272,"column":null}},"49":{"start":{"line":276,"column":2},"end":{"line":276,"column":null}},"50":{"start":{"line":276,"column":19},"end":{"line":276,"column":null}},"51":{"start":{"line":277,"column":15},"end":{"line":277,"column":null}},"52":{"start":{"line":278,"column":2},"end":{"line":278,"column":null}},"53":{"start":{"line":281,"column":0},"end":{"line":281,"column":null}},"54":{"start":{"line":2,"column":7},"end":{"line":2,"column":null}},"55":{"start":{"line":5,"column":11},"end":{"line":5,"column":null}},"56":{"start":{"line":53,"column":13},"end":{"line":53,"column":null}},"57":{"start":{"line":54,"column":15},"end":{"line":54,"column":null}},"58":{"start":{"line":59,"column":18},"end":{"line":59,"column":58}},"59":{"start":{"line":63,"column":16},"end":{"line":63,"column":null}},"60":{"start":{"line":70,"column":15},"end":{"line":70,"column":null}},"61":{"start":{"line":72,"column":19},"end":{"line":72,"column":79}},"62":{"start":{"line":76,"column":21},"end":{"line":76,"column":null}},"63":{"start":{"line":78,"column":23},"end":{"line":78,"column":null}},"64":{"start":{"line":82,"column":21},"end":{"line":82,"column":null}},"65":{"start":{"line":84,"column":23},"end":{"line":84,"column":null}},"66":{"start":{"line":91,"column":26},"end":{"line":91,"column":null}},"67":{"start":{"line":99,"column":74},"end":{"line":99,"column":null}},"68":{"start":{"line":100,"column":15},"end":{"line":100,"column":null}},"69":{"start":{"line":101,"column":17},"end":{"line":101,"column":null}},"70":{"start":{"line":111,"column":74},"end":{"line":111,"column":null}},"71":{"start":{"line":112,"column":15},"end":{"line":112,"column":null}},"72":{"start":{"line":113,"column":17},"end":{"line":113,"column":null}},"73":{"start":{"line":121,"column":118},"end":{"line":121,"column":null}},"74":{"start":{"line":123,"column":17},"end":{"line":123,"column":null}},"75":{"start":{"line":7,"column":18},"end":{"line":7,"column":null}},"76":{"start":{"line":18,"column":18},"end":{"line":18,"column":null}}},"fnMap":{"0":{"name":"(anonymous_0)","decl":{"start":{"line":154,"column":10},"end":{"line":154,"column":22}},"loc":{"start":{"line":154,"column":22},"end":{"line":156,"column":1}},"line":154},"1":{"name":"loadHistory","decl":{"start":{"line":158,"column":15},"end":{"line":158,"column":29}},"loc":{"start":{"line":158,"column":29},"end":{"line":168,"column":null}},"line":158},"2":{"name":"generateRedline","decl":{"start":{"line":170,"column":9},"end":{"line":170,"column":25}},"loc":{"start":{"line":170,"column":63},"end":{"line":196,"column":null}},"line":170},"3":{"name":"escapeHtml","decl":{"start":{"line":198,"column":9},"end":{"line":198,"column":20}},"loc":{"start":{"line":198,"column":42},"end":{"line":207,"column":null}},"line":198},"4":{"name":"(anonymous_4)","decl":{"start":{"line":206,"column":37},"end":{"line":206,"column":38}},"loc":{"start":{"line":206,"column":44},"end":{"line":206,"column":50}},"line":206},"5":{"name":"formatChangeType","decl":{"start":{"line":209,"column":9},"end":{"line":209,"column":26}},"loc":{"start":{"line":209,"column":48},"end":{"line":219,"column":null}},"line":209},"6":{"name":"getChangeTypeClass","decl":{"start":{"line":221,"column":9},"end":{"line":221,"column":28}},"loc":{"start":{"line":221,"column":50},"end":{"line":231,"column":null}},"line":221},"7":{"name":"getChangeTypeBadgeClass","decl":{"start":{"line":233,"column":9},"end":{"line":233,"column":33}},"loc":{"start":{"line":233,"column":55},"end":{"line":243,"column":null}},"line":233},"8":{"name":"getChangedFields","decl":{"start":{"line":245,"column":9},"end":{"line":245,"column":26}},"loc":{"start":{"line":245,"column":66},"end":{"line":254,"column":null}},"line":245},"9":{"name":"(anonymous_9)","decl":{"start":{"line":249,"column":35},"end":{"line":249,"column":44}},"loc":{"start":{"line":249,"column":44},"end":{"line":253,"column":3}},"line":249},"10":{"name":"formatFieldName","decl":{"start":{"line":256,"column":9},"end":{"line":256,"column":25}},"loc":{"start":{"line":256,"column":48},"end":{"line":267,"column":null}},"line":256},"11":{"name":"formatValue","decl":{"start":{"line":269,"column":9},"end":{"line":269,"column":21}},"loc":{"start":{"line":269,"column":41},"end":{"line":273,"column":null}},"line":269},"12":{"name":"formatDate","decl":{"start":{"line":275,"column":9},"end":{"line":275,"column":20}},"loc":{"start":{"line":275,"column":48},"end":{"line":279,"column":null}},"line":275},"13":{"name":"(anonymous_13)","decl":{"start":{"line":7,"column":16},"end":{"line":7,"column":18}},"loc":{"start":{"line":7,"column":18},"end":{"line":7,"column":null}},"line":7},"14":{"name":"(anonymous_14)","decl":{"start":{"line":18,"column":16},"end":{"line":18,"column":18}},"loc":{"start":{"line":18,"column":18},"end":{"line":18,"column":null}},"line":18}},"branchMap":{"0":{"loc":{"start":{"line":164,"column":18},"end":{"line":164,"column":null}},"type":"binary-expr","locations":[{"start":{"line":164,"column":18},"end":{"line":164,"column":49}},{"start":{"line":164,"column":49},"end":{"line":164,"column":null}}],"line":164},"1":{"loc":{"start":{"line":176,"column":28},"end":{"line":177,"column":null}},"type":"binary-expr","locations":[{"start":{"line":176,"column":28},"end":{"line":176,"column":51}},{"start":{"line":176,"column":51},"end":{"line":176,"column":null}},{"start":{"line":177,"column":28},"end":{"line":177,"column":52}},{"start":{"line":177,"column":52},"end":{"line":177,"column":null}}],"line":176},"2":{"loc":{"start":{"line":179,"column":15},"end":{"line":179,"column":null}},"type":"cond-expr","locations":[{"start":{"line":179,"column":15},"end":{"line":179,"column":63}},{"start":{"line":179,"column":59},"end":{"line":179,"column":null}}],"line":179},"3":{"loc":{"start":{"line":186,"column":4},"end":{"line":192,"column":null}},"type":"if","locations":[{"start":{"line":186,"column":4},"end":{"line":192,"column":null}},{"start":{"line":188,"column":4},"end":{"line":192,"column":null}}],"line":186},"4":{"loc":{"start":{"line":188,"column":4},"end":{"line":192,"column":null}},"type":"if","locations":[{"start":{"line":188,"column":4},"end":{"line":192,"column":null}},{"start":{"line":190,"column":11},"end":{"line":192,"column":null}}],"line":188},"5":{"loc":{"start":{"line":195,"column":9},"end":{"line":195,"column":null}},"type":"binary-expr","locations":[{"start":{"line":195,"column":9},"end":{"line":195,"column":19}},{"start":{"line":195,"column":19},"end":{"line":195,"column":null}}],"line":195},"6":{"loc":{"start":{"line":218,"column":9},"end":{"line":218,"column":null}},"type":"binary-expr","locations":[{"start":{"line":218,"column":9},"end":{"line":218,"column":22}},{"start":{"line":218,"column":22},"end":{"line":218,"column":null}}],"line":218},"7":{"loc":{"start":{"line":230,"column":9},"end":{"line":230,"column":null}},"type":"binary-expr","locations":[{"start":{"line":230,"column":9},"end":{"line":230,"column":22}},{"start":{"line":230,"column":22},"end":{"line":230,"column":null}}],"line":230},"8":{"loc":{"start":{"line":242,"column":9},"end":{"line":242,"column":null}},"type":"binary-expr","locations":[{"start":{"line":242,"column":9},"end":{"line":242,"column":22}},{"start":{"line":242,"column":22},"end":{"line":242,"column":null}}],"line":242},"9":{"loc":{"start":{"line":246,"column":2},"end":{"line":246,"column":null}},"type":"if","locations":[{"start":{"line":246,"column":2},"end":{"line":246,"column":null}},{"start":{},"end":{}}],"line":246},"10":{"loc":{"start":{"line":246,"column":6},"end":{"line":246,"column":30}},"type":"binary-expr","locations":[{"start":{"line":246,"column":6},"end":{"line":246,"column":19}},{"start":{"line":246,"column":19},"end":{"line":246,"column":30}}],"line":246},"11":{"loc":{"start":{"line":266,"column":9},"end":{"line":266,"column":null}},"type":"binary-expr","locations":[{"start":{"line":266,"column":9},"end":{"line":266,"column":23}},{"start":{"line":266,"column":23},"end":{"line":266,"column":null}}],"line":266},"12":{"loc":{"start":{"line":270,"column":2},"end":{"line":270,"column":null}},"type":"if","locations":[{"start":{"line":270,"column":2},"end":{"line":270,"column":null}},{"start":{},"end":{}}],"line":270},"13":{"loc":{"start":{"line":270,"column":6},"end":{"line":270,"column":45}},"type":"binary-expr","locations":[{"start":{"line":270,"column":6},"end":{"line":270,"column":24}},{"start":{"line":270,"column":24},"end":{"line":270,"column":45}}],"line":270},"14":{"loc":{"start":{"line":271,"column":2},"end":{"line":271,"column":null}},"type":"if","locations":[{"start":{"line":271,"column":2},"end":{"line":271,"column":null}},{"start":{},"end":{}}],"line":271},"15":{"loc":{"start":{"line":276,"column":2},"end":{"line":276,"column":null}},"type":"if","locations":[{"start":{"line":276,"column":2},"end":{"line":276,"column":null}},{"start":{},"end":{}}],"line":276},"16":{"loc":{"start":{"line":3,"column":4},"end":{"line":4,"column":57}},"type":"binary-expr","locations":[{"start":{"line":3,"column":4},"end":{"line":4,"column":23}},{"start":{"line":4,"column":23},"end":{"line":4,"column":37}},{"start":{"line":4,"column":37},"end":{"line":4,"column":57}}],"line":3},"17":{"loc":{"start":{"line":7,"column":16},"end":{"line":7,"column":null}},"type":"binary-expr","locations":[{"start":{"line":7,"column":16},"end":{"line":7,"column":18}},{"start":{"line":7,"column":16},"end":{"line":7,"column":null}}],"line":7},"18":{"loc":{"start":{"line":8,"column":105},"end":{"line":8,"column":null}},"type":"cond-expr","locations":[{"start":{"line":8,"column":117},"end":{"line":8,"column":null}},{"start":{"line":8,"column":117},"end":{"line":8,"column":null}}],"line":8},"19":{"loc":{"start":{"line":18,"column":16},"end":{"line":18,"column":null}},"type":"binary-expr","locations":[{"start":{"line":18,"column":16},"end":{"line":18,"column":18}},{"start":{"line":18,"column":16},"end":{"line":18,"column":null}}],"line":18},"20":{"loc":{"start":{"line":19,"column":105},"end":{"line":19,"column":null}},"type":"cond-expr","locations":[{"start":{"line":19,"column":117},"end":{"line":19,"column":null}},{"start":{"line":19,"column":117},"end":{"line":19,"column":null}}],"line":19},"21":{"loc":{"start":{"line":33,"column":10},"end":{"line":32,"column":105}},"type":"binary-expr","locations":[{"start":{"line":33,"column":10},"end":{"line":33,"column":null}},{"start":{"line":33,"column":10},"end":{"line":32,"column":105}}],"line":33},"22":{"loc":{"start":{"line":44,"column":10},"end":{"line":43,"column":61}},"type":"binary-expr","locations":[{"start":{"line":44,"column":10},"end":{"line":44,"column":null}},{"start":{"line":44,"column":10},"end":{"line":43,"column":61}}],"line":44},"23":{"loc":{"start":{"line":60,"column":20},"end":{"line":60,"column":null}},"type":"binary-expr","locations":[{"start":{"line":60,"column":20},"end":{"line":60,"column":35}},{"start":{"line":60,"column":35},"end":{"line":60,"column":null}}],"line":60},"24":{"loc":{"start":{"line":69,"column":19},"end":{"line":69,"column":87}},"type":"binary-expr","locations":[{"start":{"line":69,"column":19},"end":{"line":69,"column":53}},{"start":{"line":69,"column":53},"end":{"line":69,"column":71}},{"start":{"line":69,"column":71},"end":{"line":69,"column":87}}],"line":69},"25":{"loc":{"start":{"line":81,"column":22},"end":{"line":77,"column":78}},"type":"binary-expr","locations":[{"start":{"line":81,"column":22},"end":{"line":81,"column":null}},{"start":{"line":81,"column":22},"end":{"line":77,"column":78}}],"line":81},"26":{"loc":{"start":{"line":87,"column":22},"end":{"line":83,"column":80}},"type":"binary-expr","locations":[{"start":{"line":87,"column":22},"end":{"line":87,"column":null}},{"start":{"line":87,"column":22},"end":{"line":83,"column":80}}],"line":87},"27":{"loc":{"start":{"line":99,"column":24},"end":{"line":99,"column":74}},"type":"binary-expr","locations":[{"start":{"line":99,"column":24},"end":{"line":99,"column":58}},{"start":{"line":99,"column":58},"end":{"line":99,"column":74}}],"line":99},"28":{"loc":{"start":{"line":102,"column":102},"end":{"line":102,"column":69}},"type":"binary-expr","locations":[{"start":{"line":102,"column":102},"end":{"line":102,"column":null}},{"start":{"line":102,"column":102},"end":{"line":102,"column":69}}],"line":102},"29":{"loc":{"start":{"line":103,"column":105},"end":{"line":103,"column":72}},"type":"binary-expr","locations":[{"start":{"line":103,"column":105},"end":{"line":103,"column":null}},{"start":{"line":103,"column":105},"end":{"line":103,"column":72}}],"line":103},"30":{"loc":{"start":{"line":104,"column":107},"end":{"line":104,"column":73}},"type":"binary-expr","locations":[{"start":{"line":104,"column":107},"end":{"line":104,"column":null}},{"start":{"line":104,"column":107},"end":{"line":104,"column":73}}],"line":104},"31":{"loc":{"start":{"line":105,"column":111},"end":{"line":105,"column":75}},"type":"binary-expr","locations":[{"start":{"line":105,"column":111},"end":{"line":105,"column":null}},{"start":{"line":105,"column":111},"end":{"line":105,"column":75}}],"line":105},"32":{"loc":{"start":{"line":111,"column":24},"end":{"line":111,"column":74}},"type":"binary-expr","locations":[{"start":{"line":111,"column":24},"end":{"line":111,"column":58}},{"start":{"line":111,"column":58},"end":{"line":111,"column":74}}],"line":111},"33":{"loc":{"start":{"line":114,"column":125},"end":{"line":114,"column":76}},"type":"binary-expr","locations":[{"start":{"line":114,"column":125},"end":{"line":114,"column":null}},{"start":{"line":114,"column":125},"end":{"line":114,"column":76}}],"line":114},"34":{"loc":{"start":{"line":115,"column":113},"end":{"line":115,"column":76}},"type":"binary-expr","locations":[{"start":{"line":115,"column":113},"end":{"line":115,"column":null}},{"start":{"line":115,"column":113},"end":{"line":115,"column":76}}],"line":115},"35":{"loc":{"start":{"line":121,"column":25},"end":{"line":121,"column":118}},"type":"binary-expr","locations":[{"start":{"line":121,"column":25},"end":{"line":121,"column":62}},{"start":{"line":121,"column":62},"end":{"line":121,"column":102}},{"start":{"line":121,"column":102},"end":{"line":121,"column":118}}],"line":121},"36":{"loc":{"start":{"line":122,"column":53},"end":{"line":122,"column":null}},"type":"cond-expr","locations":[{"start":{"line":122,"column":69},"end":{"line":122,"column":null}},{"start":{"line":122,"column":69},"end":{"line":122,"column":null}}],"line":122},"37":{"loc":{"start":{"line":125,"column":50},"end":{"line":125,"column":124}},"type":"cond-expr","locations":[{"start":{"line":125,"column":66},"end":{"line":125,"column":124}},{"start":{"line":125,"column":66},"end":{"line":125,"column":124}}],"line":125},"38":{"loc":{"start":{"line":129,"column":50},"end":{"line":129,"column":124}},"type":"cond-expr","locations":[{"start":{"line":129,"column":66},"end":{"line":129,"column":124}},{"start":{"line":129,"column":66},"end":{"line":129,"column":124}}],"line":129}},"s":{"0":3,"1":3,"2":3,"3":3,"4":3,"5":3,"6":3,"7":3,"8":3,"9":3,"10":3,"11":3,"12":3,"13":0,"14":0,"15":0,"16":0,"17":0,"18":0,"19":0,"20":0,"21":0,"22":0,"23":0,"24":0,"25":0,"26":0,"27":0,"28":0,"29":0,"30":0,"31":0,"32":0,"33":0,"34":0,"35":0,"36":0,"37":0,"38":0,"39":0,"40":0,"41":0,"42":0,"43":0,"44":0,"45":0,"46":0,"47":0,"48":0,"49":0,"50":0,"51":0,"52":0,"53":3,"54":2,"55":2,"56":2,"57":2,"58":2,"59":2,"60":2,"61":2,"62":2,"63":2,"64":2,"65":2,"66":2,"67":2,"68":2,"69":2,"70":2,"71":2,"72":2,"73":2,"74":2,"75":0,"76":0},"f":{"0":3,"1":3,"2":0,"3":0,"4":0,"5":0,"6":0,"7":0,"8":0,"9":0,"10":0,"11":0,"12":0,"13":0,"14":0},"b":{"0":[3,3],"1":[0,0,0,0],"2":[0,0],"3":[0,0],"4":[0,0],"5":[0,0],"6":[0,0],"7":[0,0],"8":[0,0],"9":[0,0],"10":[0,0],"11":[0,0],"12":[0,0],"13":[0,0],"14":[0,0],"15":[0,0],"16":[9,6,3],"17":[0,0],"18":[0,0],"19":[0,0],"20":[0,0],"21":[3,3],"22":[3,3],"23":[0,0],"24":[0,0,0],"25":[0,0],"26":[0,0],"27":[0,0],"28":[0,0],"29":[0,0],"30":[0,0],"31":[0,0],"32":[0,0],"33":[0,0],"34":[0,0],"35":[0,0,0],"36":[0,0],"37":[0,0],"38":[0,0]},"meta":{"lastBranch":0,"lastFunction":0,"lastStatement":0,"seen":{}}}
,"C:\\Users\\Mason\\IdeaProjects\\Lineage\\frontend\\src\\components\\requirements\\RequirementModal.vue": {"path":"C:\\Users\\Mason\\IdeaProjects\\Lineage\\frontend\\src\\components\\requirements\\RequirementModal.vue","statementMap":{"0":{"start":{"line":7,"column":9},"end":{"line":7,"column":null}},"1":{"start":{"line":8,"column":10},"end":{"line":8,"column":59}},"2":{"start":{"line":5,"column":17},"end":{"line":5,"column":null}}},"fnMap":{"0":{"name":"(anonymous_0)","decl":{"start":{"line":5,"column":10},"end":{"line":5,"column":17}},"loc":{"start":{"line":5,"column":17},"end":{"line":5,"column":null}},"line":5}},"branchMap":{"0":{"loc":{"start":{"line":5,"column":10},"end":{"line":5,"column":null}},"type":"binary-expr","locations":[{"start":{"line":5,"column":10},"end":{"line":5,"column":17}},{"start":{"line":5,"column":10},"end":{"line":5,"column":null}}],"line":5}},"s":{"0":2,"1":2,"2":0},"f":{"0":0},"b":{"0":[0,0]},"meta":{"lastBranch":1,"lastFunction":1,"lastStatement":3,"seen":{"s:7:9:7:Infinity":0,"s:8:10:8:59":1,"b:5:10:5:17:5:10:5:Infinity":0,"f:5:10:5:17":0,"s:5:17:5:Infinity":2}}}
,"C:\\Users\\Mason\\IdeaProjects\\Lineage\\frontend\\src\\components\\requirements\\StatusBadge.vue": {"path":"C:\\Users\\Mason\\IdeaProjects\\Lineage\\frontend\\src\\components\\requirements\\StatusBadge.vue","statementMap":{"0":{"start":{"line":15,"column":14},"end":{"line":15,"column":null}},"1":{"start":{"line":16,"column":25},"end":{"line":16,"column":null}},"2":{"start":{"line":18,"column":6},"end":{"line":18,"column":null}},"3":{"start":{"line":18,"column":37},"end":{"line":18,"column":67}},"4":{"start":{"line":2,"column":2},"end":{"line":3,"column":null}}},"fnMap":{"0":{"name":"(anonymous_0)","decl":{"start":{"line":18,"column":31},"end":{"line":18,"column":37}},"loc":{"start":{"line":18,"column":37},"end":{"line":18,"column":67}},"line":18}},"branchMap":{},"s":{"0":6,"1":6,"2":6,"3":6,"4":6},"f":{"0":6},"b":{},"meta":{"lastBranch":0,"lastFunction":1,"lastStatement":5,"seen":{"s:15:14:15:Infinity":0,"s:16:25:16:Infinity":1,"s:18:6:18:Infinity":2,"f:18:31:18:37":0,"s:18:37:18:67":3,"s:2:2:3:Infinity":4}}}
,"C:\\Users\\Mason\\IdeaProjects\\Lineage\\frontend\\src\\composables\\useRequirementStyles.ts": {"path":"C:\\Users\\Mason\\IdeaProjects\\Lineage\\frontend\\src\\composables\\useRequirementStyles.ts","statementMap":{"0":{"start":{"line":2,"column":27},"end":{"line":15,"column":null}},"1":{"start":{"line":3,"column":24},"end":{"line":3,"column":null}},"2":{"start":{"line":5,"column":4},"end":{"line":14,"column":null}},"3":{"start":{"line":7,"column":8},"end":{"line":7,"column":null}},"4":{"start":{"line":9,"column":8},"end":{"line":9,"column":null}},"5":{"start":{"line":11,"column":8},"end":{"line":11,"column":null}},"6":{"start":{"line":13,"column":8},"end":{"line":13,"column":null}},"7":{"start":{"line":17,"column":29},"end":{"line":30,"column":null}},"8":{"start":{"line":18,"column":24},"end":{"line":18,"column":null}},"9":{"start":{"line":20,"column":4},"end":{"line":29,"column":null}},"10":{"start":{"line":22,"column":8},"end":{"line":22,"column":null}},"11":{"start":{"line":24,"column":8},"end":{"line":24,"column":null}},"12":{"start":{"line":26,"column":8},"end":{"line":26,"column":null}},"13":{"start":{"line":28,"column":8},"end":{"line":28,"column":null}},"14":{"start":{"line":32,"column":2},"end":{"line":35,"column":null}}},"fnMap":{"0":{"name":"useRequirementStyles","decl":{"start":{"line":1,"column":16},"end":{"line":1,"column":39}},"loc":{"start":{"line":1,"column":39},"end":{"line":36,"column":null}},"line":1},"1":{"name":"(anonymous_1)","decl":{"start":{"line":2,"column":27},"end":{"line":2,"column":28}},"loc":{"start":{"line":2,"column":47},"end":{"line":15,"column":null}},"line":2},"2":{"name":"(anonymous_2)","decl":{"start":{"line":17,"column":29},"end":{"line":17,"column":30}},"loc":{"start":{"line":17,"column":51},"end":{"line":30,"column":null}},"line":17}},"branchMap":{"0":{"loc":{"start":{"line":5,"column":4},"end":{"line":14,"column":null}},"type":"switch","locations":[{"start":{"line":6,"column":6},"end":{"line":7,"column":null}},{"start":{"line":8,"column":6},"end":{"line":9,"column":null}},{"start":{"line":10,"column":6},"end":{"line":11,"column":null}},{"start":{"line":12,"column":6},"end":{"line":13,"column":null}}],"line":5},"1":{"loc":{"start":{"line":20,"column":4},"end":{"line":29,"column":null}},"type":"switch","locations":[{"start":{"line":21,"column":6},"end":{"line":22,"column":null}},{"start":{"line":23,"column":6},"end":{"line":24,"column":null}},{"start":{"line":25,"column":6},"end":{"line":26,"column":null}},{"start":{"line":27,"column":6},"end":{"line":28,"column":null}}],"line":20}},"s":{"0":13,"1":11,"2":11,"3":4,"4":2,"5":2,"6":3,"7":13,"8":11,"9":11,"10":2,"11":4,"12":4,"13":1,"14":13},"f":{"0":13,"1":11,"2":11},"b":{"0":[4,2,2,3],"1":[2,4,4,1]},"meta":{"lastBranch":2,"lastFunction":3,"lastStatement":15,"seen":{"f:1:16:1:39":0,"s:2:27:15:Infinity":0,"f:2:27:2:28":1,"s:3:24:3:Infinity":1,"b:6:6:7:Infinity:8:6:9:Infinity:10:6:11:Infinity:12:6:13:Infinity":0,"s:5:4:14:Infinity":2,"s:7:8:7:Infinity":3,"s:9:8:9:Infinity":4,"s:11:8:11:Infinity":5,"s:13:8:13:Infinity":6,"s:17:29:30:Infinity":7,"f:17:29:17:30":2,"s:18:24:18:Infinity":8,"b:21:6:22:Infinity:23:6:24:Infinity:25:6:26:Infinity:27:6:28:Infinity":1,"s:20:4:29:Infinity":9,"s:22:8:22:Infinity":10,"s:24:8:24:Infinity":11,"s:26:8:26:Infinity":12,"s:28:8:28:Infinity":13,"s:32:2:35:Infinity":14}}}
,"C:\\Users\\Mason\\IdeaProjects\\Lineage\\frontend\\src\\router\\index.ts": {"path":"C:\\Users\\Mason\\IdeaProjects\\Lineage\\frontend\\src\\router\\index.ts","statementMap":{"0":{"start":{"line":6,"column":6},"end":{"line":44,"column":null}},"1":{"start":{"line":24,"column":23},"end":{"line":24,"column":null}},"2":{"start":{"line":30,"column":23},"end":{"line":30,"column":null}},"3":{"start":{"line":36,"column":23},"end":{"line":36,"column":null}},"4":{"start":{"line":46,"column":0},"end":{"line":57,"column":null}},"5":{"start":{"line":47,"column":8},"end":{"line":47,"column":null}},"6":{"start":{"line":48,"column":23},"end":{"line":48,"column":null}},"7":{"start":{"line":50,"column":2},"end":{"line":56,"column":null}},"8":{"start":{"line":51,"column":4},"end":{"line":51,"column":null}},"9":{"start":{"line":52,"column":2},"end":{"line":56,"column":null}},"10":{"start":{"line":53,"column":4},"end":{"line":53,"column":null}},"11":{"start":{"line":55,"column":4},"end":{"line":55,"column":null}}},"fnMap":{"0":{"name":"(anonymous_0)","decl":{"start":{"line":24,"column":17},"end":{"line":24,"column":23}},"loc":{"start":{"line":24,"column":23},"end":{"line":24,"column":null}},"line":24},"1":{"name":"(anonymous_1)","decl":{"start":{"line":30,"column":17},"end":{"line":30,"column":23}},"loc":{"start":{"line":30,"column":23},"end":{"line":30,"column":null}},"line":30},"2":{"name":"(anonymous_2)","decl":{"start":{"line":36,"column":17},"end":{"line":36,"column":23}},"loc":{"start":{"line":36,"column":23},"end":{"line":36,"column":null}},"line":36},"3":{"name":"(anonymous_3)","decl":{"start":{"line":46,"column":18},"end":{"line":46,"column":19}},"loc":{"start":{"line":46,"column":39},"end":{"line":57,"column":1}},"line":46}},"branchMap":{"0":{"loc":{"start":{"line":50,"column":2},"end":{"line":56,"column":null}},"type":"if","locations":[{"start":{"line":50,"column":2},"end":{"line":56,"column":null}},{"start":{"line":52,"column":2},"end":{"line":56,"column":null}}],"line":50},"1":{"loc":{"start":{"line":50,"column":6},"end":{"line":50,"column":50}},"type":"binary-expr","locations":[{"start":{"line":50,"column":6},"end":{"line":50,"column":22}},{"start":{"line":50,"column":22},"end":{"line":50,"column":50}}],"line":50},"2":{"loc":{"start":{"line":52,"column":2},"end":{"line":56,"column":null}},"type":"if","locations":[{"start":{"line":52,"column":2},"end":{"line":56,"column":null}},{"start":{"line":54,"column":9},"end":{"line":56,"column":null}}],"line":52},"3":{"loc":{"start":{"line":52,"column":13},"end":{"line":52,"column":63}},"type":"binary-expr","locations":[{"start":{"line":52,"column":13},"end":{"line":52,"column":36}},{"start":{"line":52,"column":36},"end":{"line":52,"column":63}}],"line":52}},"s":{"0":0,"1":0,"2":0,"3":0,"4":0,"5":0,"6":0,"7":0,"8":0,"9":0,"10":0,"11":0},"f":{"0":0,"1":0,"2":0,"3":0},"b":{"0":[0,0],"1":[0,0],"2":[0,0],"3":[0,0]},"meta":{"lastBranch":4,"lastFunction":4,"lastStatement":12,"seen":{"s:6:6:44:Infinity":0,"f:24:17:24:23":0,"s:24:23:24:Infinity":1,"f:30:17:30:23":1,"s:30:23:30:Infinity":2,"f:36:17:36:23":2,"s:36:23:36:Infinity":3,"s:46:0:57:Infinity":4,"f:46:18:46:19":3,"s:47:8:47:Infinity":5,"s:48:23:48:Infinity":6,"b:50:2:56:Infinity:52:2:56:Infinity":0,"s:50:2:56:Infinity":7,"b:50:6:50:22:50:22:50:50":1,"s:51:4:51:Infinity":8,"b:52:2:56:Infinity:54:9:56:Infinity":2,"s:52:2:56:Infinity":9,"b:52:13:52:36:52:36:52:63":3,"s:53:4:53:Infinity":10,"s:55:4:55:Infinity":11}}}
,"C:\\Users\\Mason\\IdeaProjects\\Lineage\\frontend\\src\\services\\aiService.ts": {"path":"C:\\Users\\Mason\\IdeaProjects\\Lineage\\frontend\\src\\services\\aiService.ts","statementMap":{"0":{"start":{"line":28,"column":4},"end":{"line":28,"column":null}},"1":{"start":{"line":35,"column":21},"end":{"line":46,"column":null}},"2":{"start":{"line":48,"column":4},"end":{"line":50,"column":null}},"3":{"start":{"line":49,"column":6},"end":{"line":49,"column":null}},"4":{"start":{"line":52,"column":4},"end":{"line":52,"column":null}},"5":{"start":{"line":59,"column":21},"end":{"line":64,"column":null}},"6":{"start":{"line":66,"column":4},"end":{"line":68,"column":null}},"7":{"start":{"line":67,"column":6},"end":{"line":67,"column":null}},"8":{"start":{"line":70,"column":4},"end":{"line":70,"column":null}},"9":{"start":{"line":77,"column":21},"end":{"line":82,"column":null}},"10":{"start":{"line":84,"column":4},"end":{"line":86,"column":null}},"11":{"start":{"line":85,"column":6},"end":{"line":85,"column":null}},"12":{"start":{"line":88,"column":4},"end":{"line":88,"column":null}},"13":{"start":{"line":95,"column":21},"end":{"line":100,"column":null}},"14":{"start":{"line":102,"column":4},"end":{"line":104,"column":null}},"15":{"start":{"line":103,"column":6},"end":{"line":103,"column":null}}},"fnMap":{"0":{"name":"(anonymous_0)","decl":{"start":{"line":27,"column":2},"end":{"line":27,"column":16}},"loc":{"start":{"line":27,"column":16},"end":{"line":29,"column":null}},"line":27},"1":{"name":"(anonymous_1)","decl":{"start":{"line":34,"column":8},"end":{"line":34,"column":20}},"loc":{"start":{"line":34,"column":101},"end":{"line":53,"column":null}},"line":34},"2":{"name":"(anonymous_2)","decl":{"start":{"line":58,"column":8},"end":{"line":58,"column":49}},"loc":{"start":{"line":58,"column":49},"end":{"line":71,"column":null}},"line":58},"3":{"name":"(anonymous_3)","decl":{"start":{"line":76,"column":8},"end":{"line":76,"column":47}},"loc":{"start":{"line":76,"column":47},"end":{"line":89,"column":null}},"line":76},"4":{"name":"(anonymous_4)","decl":{"start":{"line":94,"column":8},"end":{"line":94,"column":27}},"loc":{"start":{"line":94,"column":58},"end":{"line":105,"column":null}},"line":94}},"branchMap":{"0":{"loc":{"start":{"line":28,"column":18},"end":{"line":28,"column":null}},"type":"binary-expr","locations":[{"start":{"line":28,"column":18},"end":{"line":28,"column":50}},{"start":{"line":28,"column":50},"end":{"line":28,"column":null}}],"line":28},"1":{"loc":{"start":{"line":48,"column":4},"end":{"line":50,"column":null}},"type":"if","locations":[{"start":{"line":48,"column":4},"end":{"line":50,"column":null}},{"start":{},"end":{}}],"line":48},"2":{"loc":{"start":{"line":66,"column":4},"end":{"line":68,"column":null}},"type":"if","locations":[{"start":{"line":66,"column":4},"end":{"line":68,"column":null}},{"start":{},"end":{}}],"line":66},"3":{"loc":{"start":{"line":84,"column":4},"end":{"line":86,"column":null}},"type":"if","locations":[{"start":{"line":84,"column":4},"end":{"line":86,"column":null}},{"start":{},"end":{}}],"line":84},"4":{"loc":{"start":{"line":102,"column":4},"end":{"line":104,"column":null}},"type":"if","locations":[{"start":{"line":102,"column":4},"end":{"line":104,"column":null}},{"start":{},"end":{}}],"line":102}},"s":{"0":9,"1":2,"2":2,"3":1,"4":1,"5":2,"6":2,"7":1,"8":1,"9":2,"10":2,"11":1,"12":1,"13":2,"14":2,"15":1},"f":{"0":9,"1":2,"2":2,"3":2,"4":2},"b":{"0":[9,9],"1":[1,1],"2":[1,1],"3":[1,1],"4":[1,1]},"meta":{"lastBranch":5,"lastFunction":5,"lastStatement":16,"seen":{"f:27:2:27:16":0,"s:28:4:28:Infinity":0,"b:28:18:28:50:28:50:28:Infinity":0,"f:34:8:34:20":1,"s:35:21:46:Infinity":1,"b:48:4:50:Infinity:undefined:undefined:undefined:undefined":1,"s:48:4:50:Infinity":2,"s:49:6:49:Infinity":3,"s:52:4:52:Infinity":4,"f:58:8:58:49":2,"s:59:21:64:Infinity":5,"b:66:4:68:Infinity:undefined:undefined:undefined:undefined":2,"s:66:4:68:Infinity":6,"s:67:6:67:Infinity":7,"s:70:4:70:Infinity":8,"f:76:8:76:47":3,"s:77:21:82:Infinity":9,"b:84:4:86:Infinity:undefined:undefined:undefined:undefined":3,"s:84:4:86:Infinity":10,"s:85:6:85:Infinity":11,"s:88:4:88:Infinity":12,"f:94:8:94:27":4,"s:95:21:100:Infinity":13,"b:102:4:104:Infinity:undefined:undefined:undefined:undefined":4,"s:102:4:104:Infinity":14,"s:103:6:103:Infinity":15}}}
,"C:\\Users\\Mason\\IdeaProjects\\Lineage\\frontend\\src\\services\\api.ts": {"path":"C:\\Users\\Mason\\IdeaProjects\\Lineage\\frontend\\src\\services\\api.ts","statementMap":{"0":{"start":{"line":3,"column":27},"end":{"line":8,"column":null}},"1":{"start":{"line":11,"column":0},"end":{"line":22,"column":null}},"2":{"start":{"line":13,"column":18},"end":{"line":13,"column":null}},"3":{"start":{"line":14,"column":4},"end":{"line":16,"column":null}},"4":{"start":{"line":15,"column":6},"end":{"line":15,"column":null}},"5":{"start":{"line":17,"column":4},"end":{"line":17,"column":null}},"6":{"start":{"line":20,"column":4},"end":{"line":20,"column":null}},"7":{"start":{"line":25,"column":0},"end":{"line":34,"column":null}},"8":{"start":{"line":26,"column":16},"end":{"line":26,"column":null}},"9":{"start":{"line":28,"column":4},"end":{"line":31,"column":null}},"10":{"start":{"line":29,"column":6},"end":{"line":29,"column":null}},"11":{"start":{"line":30,"column":6},"end":{"line":30,"column":null}},"12":{"start":{"line":32,"column":4},"end":{"line":32,"column":null}}},"fnMap":{"0":{"name":"(anonymous_0)","decl":{"start":{"line":12,"column":2},"end":{"line":12,"column":3}},"loc":{"start":{"line":12,"column":14},"end":{"line":18,"column":null}},"line":12},"1":{"name":"(anonymous_1)","decl":{"start":{"line":19,"column":2},"end":{"line":19,"column":3}},"loc":{"start":{"line":19,"column":13},"end":{"line":21,"column":null}},"line":19},"2":{"name":"(anonymous_2)","decl":{"start":{"line":26,"column":2},"end":{"line":26,"column":3}},"loc":{"start":{"line":26,"column":16},"end":{"line":26,"column":null}},"line":26},"3":{"name":"(anonymous_3)","decl":{"start":{"line":27,"column":2},"end":{"line":27,"column":3}},"loc":{"start":{"line":27,"column":13},"end":{"line":33,"column":null}},"line":27}},"branchMap":{"0":{"loc":{"start":{"line":14,"column":4},"end":{"line":16,"column":null}},"type":"if","locations":[{"start":{"line":14,"column":4},"end":{"line":16,"column":null}},{"start":{},"end":{}}],"line":14},"1":{"loc":{"start":{"line":28,"column":4},"end":{"line":31,"column":null}},"type":"if","locations":[{"start":{"line":28,"column":4},"end":{"line":31,"column":null}},{"start":{},"end":{}}],"line":28}},"s":{"0":9,"1":9,"2":17,"3":17,"4":0,"5":17,"6":0,"7":9,"8":0,"9":17,"10":0,"11":0,"12":17},"f":{"0":17,"1":0,"2":0,"3":17},"b":{"0":[0,17],"1":[0,17]},"meta":{"lastBranch":2,"lastFunction":4,"lastStatement":13,"seen":{"s:3:27:8:Infinity":0,"s:11:0:22:Infinity":1,"f:12:2:12:3":0,"s:13:18:13:Infinity":2,"b:14:4:16:Infinity:undefined:undefined:undefined:undefined":0,"s:14:4:16:Infinity":3,"s:15:6:15:Infinity":4,"s:17:4:17:Infinity":5,"f:19:2:19:3":1,"s:20:4:20:Infinity":6,"s:25:0:34:Infinity":7,"f:26:2:26:3":2,"s:26:16:26:Infinity":8,"f:27:2:27:3":3,"b:28:4:31:Infinity:undefined:undefined:undefined:undefined":1,"s:28:4:31:Infinity":9,"s:29:6:29:Infinity":10,"s:30:6:30:Infinity":11,"s:32:4:32:Infinity":12}}}
[...]
ype":"binary-expr","locations":[{"start":{"line":685,"column":6},"end":{"line":685,"column":28}},{"start":{"line":685,"column":28},"end":{"line":685,"column":137}}],"line":685},"21":{"loc":{"start":{"line":709,"column":2},"end":{"line":709,"column":null}},"type":"if","locations":[{"start":{"line":709,"column":2},"end":{"line":709,"column":null}},{"start":{},"end":{}}],"line":709},"22":{"loc":{"start":{"line":709,"column":6},"end":{"line":709,"column":62}},"type":"binary-expr","locations":[{"start":{"line":709,"column":6},"end":{"line":709,"column":28}},{"start":{"line":709,"column":28},"end":{"line":709,"column":62}}],"line":709},"23":{"loc":{"start":{"line":723,"column":2},"end":{"line":723,"column":null}},"type":"if","locations":[{"start":{"line":723,"column":2},"end":{"line":723,"column":null}},{"start":{},"end":{}}],"line":723},"24":{"loc":{"start":{"line":749,"column":2},"end":{"line":753,"column":null}},"type":"if","locations":[{"start":{"line":749,"column":2},"end":{"line":753,"column":null}},{"start":{"line":751,"column":9},"end":{"line":753,"column":null}}],"line":749},"25":{"loc":{"start":{"line":758,"column":2},"end":{"line":758,"column":null}},"type":"if","locations":[{"start":{"line":758,"column":2},"end":{"line":758,"column":null}},{"start":{},"end":{}}],"line":758},"26":{"loc":{"start":{"line":765,"column":4},"end":{"line":765,"column":null}},"type":"if","locations":[{"start":{"line":765,"column":4},"end":{"line":765,"column":null}},{"start":{},"end":{}}],"line":765},"27":{"loc":{"start":{"line":771,"column":4},"end":{"line":773,"column":null}},"type":"if","locations":[{"start":{"line":771,"column":4},"end":{"line":773,"column":null}},{"start":{},"end":{}}],"line":771},"28":{"loc":{"start":{"line":771,"column":8},"end":{"line":771,"column":72}},"type":"binary-expr","locations":[{"start":{"line":771,"column":8},"end":{"line":771,"column":41}},{"start":{"line":771,"column":41},"end":{"line":771,"column":72}}],"line":771},"29":{"loc":{"start":{"line":8,"column":42},"end":{"line":10,"column":31}},"type":"binary-expr","locations":[{"start":{"line":8,"column":42},"end":{"line":8,"column":null}},{"start":{"line":8,"column":42},"end":{"line":10,"column":31}}],"line":8},"30":{"loc":{"start":{"line":12,"column":12},"end":{"line":12,"column":61}},"type":"binary-expr","locations":[{"start":{"line":12,"column":12},"end":{"line":12,"column":17}},{"start":{"line":12,"column":12},"end":{"line":12,"column":61}}],"line":12},"31":{"loc":{"start":{"line":14,"column":26},"end":{"line":15,"column":null}},"type":"cond-expr","locations":[{"start":{"line":14,"column":26},"end":{"line":15,"column":null}},{"start":{"line":15,"column":36},"end":{"line":15,"column":null}}],"line":14},"32":{"loc":{"start":{"line":17,"column":26},"end":{"line":18,"column":null}},"type":"cond-expr","locations":[{"start":{"line":17,"column":26},"end":{"line":18,"column":null}},{"start":{"line":18,"column":42},"end":{"line":18,"column":null}}],"line":17},"33":{"loc":{"start":{"line":21,"column":19},"end":{"line":21,"column":null}},"type":"binary-expr","locations":[{"start":{"line":21,"column":19},"end":{"line":21,"column":37}},{"start":{"line":21,"column":37},"end":{"line":21,"column":null}}],"line":21},"34":{"loc":{"start":{"line":40,"column":12},"end":{"line":39,"column":107}},"type":"binary-expr","locations":[{"start":{"line":40,"column":12},"end":{"line":40,"column":null}},{"start":{"line":40,"column":12},"end":{"line":39,"column":107}}],"line":40},"35":{"loc":{"start":{"line":56,"column":20},"end":{"line":56,"column":null}},"type":"binary-expr","locations":[{"start":{"line":56,"column":20},"end":{"line":56,"column":22}},{"start":{"line":56,"column":20},"end":{"line":56,"column":null}}],"line":56},"36":{"loc":{"start":{"line":84,"column":20},"end":{"line":74,"column":107}},"type":"binary-expr","locations":[{"start":{"line":84,"column":20},"end":{"line":84,"column":null}},{"start":{"line":84,"column":20},"end":{"line":74,"column":107}}],"line":84},"37":{"loc":{"start":{"line":76,"column":24},"end":{"line":76,"column":null}},"type":"binary-expr","locations":[{"start":{"line":76,"column":24},"end":{"line":76,"column":26}},{"start":{"line":76,"column":24},"end":{"line":76,"column":null}}],"line":76},"38":{"loc":{"start":{"line":107,"column":15},"end":{"line":107,"column":44}},"type":"binary-expr","locations":[{"start":{"line":107,"column":15},"end":{"line":107,"column":28}},{"start":{"line":107,"column":28},"end":{"line":107,"column":44}}],"line":107},"39":{"loc":{"start":{"line":110,"column":12},"end":{"line":110,"column":58}},"type":"binary-expr","locations":[{"start":{"line":110,"column":12},"end":{"line":110,"column":18}},{"start":{"line":110,"column":12},"end":{"line":110,"column":58}}],"line":110},"40":{"loc":{"start":{"line":118,"column":10},"end":{"line":118,"column":56}},"type":"binary-expr","locations":[{"start":{"line":118,"column":10},"end":{"line":118,"column":16}},{"start":{"line":118,"column":10},"end":{"line":118,"column":56}}],"line":118},"41":{"loc":{"start":{"line":128,"column":19},"end":{"line":128,"column":null}},"type":"binary-expr","locations":[{"start":{"line":128,"column":19},"end":{"line":128,"column":42}},{"start":{"line":128,"column":42},"end":{"line":128,"column":null}}],"line":128},"42":{"loc":{"start":{"line":133,"column":28},"end":{"line":134,"column":null}},"type":"cond-expr","locations":[{"start":{"line":133,"column":40},"end":{"line":134,"column":null}},{"start":{"line":134,"column":48},"end":{"line":134,"column":null}}],"line":133},"43":{"loc":{"start":{"line":137,"column":24},"end":{"line":137,"column":null}},"type":"binary-expr","locations":[{"start":{"line":137,"column":24},"end":{"line":137,"column":26}},{"start":{"line":137,"column":24},"end":{"line":137,"column":null}}],"line":137},"44":{"loc":{"start":{"line":141,"column":23},"end":{"line":141,"column":54}},"type":"binary-expr","locations":[{"start":{"line":141,"column":23},"end":{"line":141,"column":46}},{"start":{"line":141,"column":46},"end":{"line":141,"column":54}}],"line":141},"45":{"loc":{"start":{"line":144,"column":24},"end":{"line":144,"column":null}},"type":"binary-expr","locations":[{"start":{"line":144,"column":24},"end":{"line":144,"column":26}},{"start":{"line":144,"column":24},"end":{"line":144,"column":null}}],"line":144},"46":{"loc":{"start":{"line":148,"column":21},"end":{"line":148,"column":53}},"type":"binary-expr","locations":[{"start":{"line":148,"column":21},"end":{"line":148,"column":45}},{"start":{"line":148,"column":45},"end":{"line":148,"column":53}}],"line":148},"47":{"loc":{"start":{"line":154,"column":22},"end":{"line":154,"column":null}},"type":"binary-expr","locations":[{"start":{"line":154,"column":22},"end":{"line":154,"column":24}},{"start":{"line":154,"column":22},"end":{"line":154,"column":null}}],"line":154},"48":{"loc":{"start":{"line":156,"column":22},"end":{"line":162,"column":23}},"type":"binary-expr","locations":[{"start":{"line":156,"column":22},"end":{"line":156,"column":null}},{"start":{"line":156,"column":22},"end":{"line":162,"column":23}}],"line":156},"49":{"loc":{"start":{"line":165,"column":22},"end":{"line":171,"column":23}},"type":"binary-expr","locations":[{"start":{"line":165,"column":22},"end":{"line":165,"column":null}},{"start":{"line":165,"column":22},"end":{"line":171,"column":23}}],"line":165},"50":{"loc":{"start":{"line":174,"column":22},"end":{"line":180,"column":23}},"type":"binary-expr","locations":[{"start":{"line":174,"column":22},"end":{"line":174,"column":null}},{"start":{"line":174,"column":22},"end":{"line":180,"column":23}}],"line":174},"51":{"loc":{"start":{"line":191,"column":17},"end":{"line":190,"column":26}},"type":"binary-expr","locations":[{"start":{"line":191,"column":17},"end":{"line":191,"column":null}},{"start":{"line":191,"column":17},"end":{"line":190,"column":26}}],"line":191},"52":{"loc":{"start":{"line":190,"column":26},"end":{"line":190,"column":122}},"type":"cond-expr","locations":[{"start":{"line":190,"column":41},"end":{"line":190,"column":122}},{"start":{"line":190,"column":115},"end":{"line":190,"column":122}}],"line":190},"53":{"loc":{"start":{"line":205,"column":12},"end":{"line":205,"column":86}},"type":"binary-expr","locations":[{"start":{"line":205,"column":12},"end":{"line":205,"column":16}},{"start":{"line":205,"column":12},"end":{"line":205,"column":86}}],"line":205},"54":{"loc":{"start":{"line":205,"column":81},"end":{"line":206,"column":109}},"type":"binary-expr","locations":[{"start":{"line":205,"column":81},"end":{"line":205,"column":86}},{"start":{"line":205,"column":81},"end":{"line":206,"column":109}}],"line":205},"55":{"loc":{"start":{"line":209,"column":20},"end":{"line":215,"column":21}},"type":"binary-expr","locations":[{"start":{"line":209,"column":20},"end":{"line":209,"column":null}},{"start":{"line":209,"column":20},"end":{"line":215,"column":21}}],"line":209},"56":{"loc":{"start":{"line":233,"column":31},"end":{"line":233,"column":46}},"type":"binary-expr","locations":[{"start":{"line":233,"column":31},"end":{"line":233,"column":44}},{"start":{"line":233,"column":31},"end":{"line":233,"column":46}}],"line":233},"57":{"loc":{"start":{"line":235,"column":17},"end":{"line":235,"column":null}},"type":"binary-expr","locations":[{"start":{"line":235,"column":17},"end":{"line":235,"column":25}},{"start":{"line":235,"column":17},"end":{"line":235,"column":null}}],"line":235},"58":{"loc":{"start":{"line":238,"column":15},"end":{"line":238,"column":null}},"type":"binary-expr","locations":[{"start":{"line":238,"column":15},"end":{"line":238,"column":17}},{"start":{"line":238,"column":15},"end":{"line":238,"column":null}}],"line":238},"59":{"loc":{"start":{"line":243,"column":31},"end":{"line":243,"column":48}},"type":"binary-expr","locations":[{"start":{"line":243,"column":31},"end":{"line":243,"column":46}},{"start":{"line":243,"column":31},"end":{"line":243,"column":48}}],"line":243},"60":{"loc":{"start":{"line":245,"column":17},"end":{"line":245,"column":null}},"type":"binary-expr","locations":[{"start":{"line":245,"column":17},"end":{"line":245,"column":31}},{"start":{"line":245,"column":17},"end":{"line":245,"column":null}}],"line":245},"61":{"loc":{"start":{"line":249,"column":15},"end":{"line":249,"column":null}},"type":"binary-expr","locations":[{"start":{"line":249,"column":15},"end":{"line":249,"column":17}},{"start":{"line":249,"column":15},"end":{"line":249,"column":null}}],"line":249},"62":{"loc":{"start":{"line":254,"column":31},"end":{"line":254,"column":46}},"type":"binary-expr","locations":[{"start":{"line":254,"column":31},"end":{"line":254,"column":44}},{"start":{"line":254,"column":31},"end":{"line":254,"column":46}}],"line":254},"63":{"loc":{"start":{"line":269,"column":15},"end":{"line":270,"column":null}},"type":"binary-expr","locations":[{"start":{"line":269,"column":15},"end":{"line":269,"column":null}},{"start":{"line":269,"column":15},"end":{"line":270,"column":null}}],"line":269},"64":{"loc":{"start":{"line":273,"column":12},"end":{"line":273,"column":61}},"type":"binary-expr","locations":[{"start":{"line":273,"column":12},"end":{"line":273,"column":20}},{"start":{"line":273,"column":12},"end":{"line":273,"column":61}}],"line":273},"65":{"loc":{"start":{"line":285,"column":18},"end":{"line":285,"column":null}},"type":"binary-expr","locations":[{"start":{"line":285,"column":18},"end":{"line":285,"column":20}},{"start":{"line":285,"column":18},"end":{"line":285,"column":null}}],"line":285},"66":{"loc":{"start":{"line":305,"column":14},"end":{"line":305,"column":null}},"type":"binary-expr","locations":[{"start":{"line":305,"column":14},"end":{"line":305,"column":16}},{"start":{"line":305,"column":14},"end":{"line":305,"column":null}}],"line":305},"67":{"loc":{"start":{"line":309,"column":16},"end":{"line":309,"column":null}},"type":"binary-expr","locations":[{"start":{"line":309,"column":16},"end":{"line":309,"column":21}},{"start":{"line":309,"column":16},"end":{"line":309,"column":null}}],"line":309},"68":{"loc":{"start":{"line":323,"column":16},"end":{"line":314,"column":74}},"type":"binary-expr","locations":[{"start":{"line":323,"column":16},"end":{"line":323,"column":null}},{"start":{"line":323,"column":16},"end":{"line":314,"column":74}}],"line":323},"69":{"loc":{"start":{"line":316,"column":20},"end":{"line":316,"column":null}},"type":"binary-expr","locations":[{"start":{"line":316,"column":20},"end":{"line":316,"column":22}},{"start":{"line":316,"column":20},"end":{"line":316,"column":null}}],"line":316},"70":{"loc":{"start":{"line":327,"column":38},"end":{"line":327,"column":90}},"type":"cond-expr","locations":[{"start":{"line":327,"column":38},"end":{"line":327,"column":90}},{"start":{"line":327,"column":73},"end":{"line":327,"column":90}}],"line":327},"71":{"loc":{"start":{"line":337,"column":14},"end":{"line":337,"column":null}},"type":"binary-expr","locations":[{"start":{"line":337,"column":14},"end":{"line":337,"column":16}},{"start":{"line":337,"column":14},"end":{"line":337,"column":null}}],"line":337},"72":{"loc":{"start":{"line":341,"column":16},"end":{"line":341,"column":null}},"type":"binary-expr","locations":[{"start":{"line":341,"column":16},"end":{"line":341,"column":21}},{"start":{"line":341,"column":16},"end":{"line":341,"column":null}}],"line":341},"73":{"loc":{"start":{"line":378,"column":18},"end":{"line":347,"column":78}},"type":"binary-expr","locations":[{"start":{"line":378,"column":18},"end":{"line":378,"column":null}},{"start":{"line":378,"column":18},"end":{"line":347,"column":78}}],"line":378},"74":{"loc":{"start":{"line":351,"column":24},"end":{"line":351,"column":null}},"type":"binary-expr","locations":[{"start":{"line":351,"column":24},"end":{"line":351,"column":26}},{"start":{"line":351,"column":24},"end":{"line":351,"column":null}}],"line":351},"75":{"loc":{"start":{"line":353,"column":26},"end":{"line":353,"column":null}},"type":"cond-expr","locations":[{"start":{"line":353,"column":45},"end":{"line":353,"column":null}},{"start":{"line":353,"column":45},"end":{"line":353,"column":null}}],"line":353},"76":{"loc":{"start":{"line":360,"column":24},"end":{"line":360,"column":null}},"type":"binary-expr","locations":[{"start":{"line":360,"column":24},"end":{"line":360,"column":26}},{"start":{"line":360,"column":24},"end":{"line":360,"column":null}}],"line":360},"77":{"loc":{"start":{"line":362,"column":26},"end":{"line":362,"column":null}},"type":"cond-expr","locations":[{"start":{"line":362,"column":45},"end":{"line":362,"column":null}},{"start":{"line":362,"column":45},"end":{"line":362,"column":null}}],"line":362},"78":{"loc":{"start":{"line":369,"column":24},"end":{"line":369,"column":null}},"type":"binary-expr","locations":[{"start":{"line":369,"column":24},"end":{"line":369,"column":26}},{"start":{"line":369,"column":24},"end":{"line":369,"column":null}}],"line":369},"79":{"loc":{"start":{"line":371,"column":26},"end":{"line":371,"column":null}},"type":"cond-expr","locations":[{"start":{"line":371,"column":45},"end":{"line":371,"column":null}},{"start":{"line":371,"column":45},"end":{"line":371,"column":null}}],"line":371},"80":{"loc":{"start":{"line":381,"column":22},"end":{"line":381,"column":null}},"type":"binary-expr","locations":[{"start":{"line":381,"column":22},"end":{"line":381,"column":24}},{"start":{"line":381,"column":22},"end":{"line":381,"column":null}}],"line":381},"81":{"loc":{"start":{"line":387,"column":22},"end":{"line":387,"column":null}},"type":"binary-expr","locations":[{"start":{"line":387,"column":22},"end":{"line":387,"column":24}},{"start":{"line":387,"column":22},"end":{"line":387,"column":null}}],"line":387},"82":{"loc":{"start":{"line":404,"column":18},"end":{"line":403,"column":79}},"type":"binary-expr","locations":[{"start":{"line":404,"column":18},"end":{"line":404,"column":null}},{"start":{"line":404,"column":18},"end":{"line":403,"column":79}}],"line":404},"83":{"loc":{"start":{"line":418,"column":28},"end":{"line":418,"column":null}},"type":"cond-expr","locations":[{"start":{"line":418,"column":42},"end":{"line":418,"column":null}},{"start":{"line":418,"column":42},"end":{"line":418,"column":null}}],"line":418},"84":{"loc":{"start":{"line":419,"column":28},"end":{"line":419,"column":null}},"type":"cond-expr","locations":[{"start":{"line":419,"column":42},"end":{"line":419,"column":null}},{"start":{"line":419,"column":42},"end":{"line":419,"column":null}}],"line":419},"85":{"loc":{"start":{"line":421,"column":23},"end":{"line":421,"column":null}},"type":"cond-expr","locations":[{"start":{"line":421,"column":37},"end":{"line":421,"column":null}},{"start":{"line":421,"column":37},"end":{"line":421,"column":null}}],"line":421}},"s":{"0":3,"1":3,"2":3,"3":3,"4":3,"5":3,"6":0,"7":3,"8":3,"9":3,"10":3,"11":3,"12":3,"13":3,"14":3,"15":3,"16":3,"17":3,"18":3,"19":3,"20":3,"21":3,"22":3,"23":3,"24":3,"25":3,"26":0,"27":0,"28":0,"29":0,"30":0,"31":0,"32":0,"33":0,"34":0,"35":0,"36":0,"37":0,"38":3,"39":0,"40":0,"41":0,"42":0,"43":3,"44":0,"45":0,"46":0,"47":0,"48":0,"49":0,"50":3,"51":3,"52":3,"53":3,"54":0,"55":0,"56":3,"57":3,"58":0,"59":0,"60":3,"61":3,"62":3,"63":0,"64":0,"65":0,"66":3,"67":0,"68":0,"69":0,"70":0,"71":0,"72":0,"73":0,"74":0,"75":0,"76":0,"77":0,"78":0,"79":0,"80":0,"81":0,"82":0,"83":0,"84":0,"85":3,"86":3,"87":0,"88":0,"89":0,"90":0,"91":0,"92":0,"93":0,"94":0,"95":0,"96":0,"97":0,"98":0,"99":0,"100":0,"101":0,"102":0,"103":0,"104":0,"105":0,"106":0,"107":0,"108":0,"109":0,"110":0,"111":0,"112":0,"113":0,"114":0,"115":0,"116":0,"117":0,"118":0,"119":0,"120":0,"121":0,"122":0,"123":0,"124":0,"125":0,"126":0,"127":0,"128":0,"129":0,"130":0,"131":0,"132":0,"133":0,"134":0,"135":0,"136":0,"137":0,"138":0,"139":0,"140":0,"141":0,"142":0,"143":0,"144":0,"145":0,"146":0,"147":0,"148":0,"149":0,"150":0,"151":0,"152":0,"153":0,"154":0,"155":0,"156":0,"157":0,"158":0,"159":0,"160":0,"161":0,"162":0,"163":1,"164":1,"165":1,"166":1,"167":1,"168":1,"169":1,"170":1,"171":1,"172":1,"173":1,"174":1,"175":1,"176":1,"177":1,"178":1,"179":1,"180":1,"181":1,"182":1,"183":1,"184":1,"185":1,"186":1,"187":1,"188":1,"189":1,"190":1,"191":1,"192":1,"193":1,"194":1,"195":1,"196":1,"197":1,"198":1,"199":1,"200":1,"201":1,"202":1,"203":0,"204":0,"205":0,"206":0,"207":0,"208":0,"209":0,"210":0,"211":0,"212":0,"213":0,"214":0,"215":0,"216":0,"217":0,"218":0,"219":0,"220":0,"221":0,"222":0,"223":0,"224":0,"225":0,"226":0,"227":0,"228":0,"229":0,"230":0,"231":0,"232":0,"233":0,"234":0},"f":{"0":3,"1":0,"2":0,"3":0,"4":0,"5":0,"6":0,"7":0,"8":0,"9":3,"10":3,"11":0,"12":3,"13":0,"14":0,"15":0,"16":0,"17":0,"18":0,"19":0,"20":0,"21":0,"22":0,"23":0,"24":0,"25":0,"26":0,"27":0,"28":0,"29":0,"30":0,"31":0,"32":0,"33":0,"34":0,"35":0,"36":0,"37":0,"38":0,"39":0,"40":0,"41":0,"42":0,"43":0,"44":0,"45":0,"46":0,"47":0,"48":0,"49":0,"50":0,"51":0,"52":0,"53":0,"54":0,"55":0,"56":0,"57":0,"58":0,"59":0,"60":0,"61":0,"62":0,"63":0,"64":0,"65":0,"66":0,"67":0,"68":0,"69":0,"70":0,"71":0},"b":{"0":[0,0],"1":[0,0],"2":[0,0],"3":[0,0],"4":[0,0],"5":[0,0,0],"6":[0,3],"7":[3,3],"8":[0,0],"9":[0,0],"10":[0,0],"11":[0,3],"12":[0,0],"13":[0,0],"14":[0,0],"15":[0,0],"16":[0,0],"17":[0,0],"18":[0,0],"19":[0,0],"20":[0,0],"21":[0,0],"22":[0,0],"23":[0,0],"24":[0,0],"25":[0,0],"26":[0,0],"27":[0,0],"28":[0,0],"29":[6,3],"30":[6,3],"31":[0,6],"32":[0,6],"33":[6,6],"34":[3,3],"35":[0,0],"36":[0,0],"37":[0,0],"38":[0,0],"39":[0,0],"40":[0,0],"41":[0,0],"42":[0,0],"43":[0,0],"44":[0,0],"45":[0,0],"46":[0,0],"47":[0,0],"48":[0,0],"49":[0,0],"50":[0,0],"51":[0,0],"52":[0,0],"53":[0,0],"54":[0,0],"55":[0,0],"56":[6,3],"57":[0,0],"58":[0,0],"59":[6,3],"60":[0,0],"61":[0,0],"62":[6,3],"63":[0,0],"64":[0,0],"65":[0,0],"66":[0,0],"67":[0,0],"68":[0,0],"69":[0,0],"70":[0,0],"71":[0,0],"72":[0,0],"73":[0,0],"74":[0,0],"75":[0,0],"76":[0,0],"77":[0,0],"78":[0,0],"79":[0,0],"80":[0,0],"81":[0,0],"82":[0,0],"83":[0,0],"84":[0,0],"85":[0,0]},"meta":{"lastBranch":0,"lastFunction":0,"lastStatement":0,"seen":{}}}
}
