TN:
SF:src\App.vue
FN:16,(anonymous_0)
FNF:1
FNH:1
FNDA:3,(anonymous_0)
DA:2,1
DA:13,3
DA:16,3
DA:17,3
LF:4
LH:4
BRDA:4,0,0,1
BRDA:4,0,1,3
BRF:2
BRH:2
end_of_record
TN:
SF:src\components\AIAssistant.vue
FN:175,(anonymous_0)
FN:179,refreshChatList
FN:187,startNewChat
FN:199,loadChat
FN:208,deleteChat
FN:222,formatTime
FN:237,sendMessage
FN:294,sendSuggestion
FN:299,scrollToBottom
FN:300,(anonymous_9)
FN:6,(anonymous_10)
FN:21,(anonymous_11)
FN:37,(anonymous_12)
FN:49,(anonymous_13)
FN:57,(anonymous_14)
FN:65,(anonymous_15)
FN:85,(anonymous_16)
FN:88,(anonymous_17)
FN:91,(anonymous_18)
FN:141,(anonymous_19)
FNF:20
FNH:2
FNDA:6,(anonymous_0)
FNDA:6,refreshChatList
FNDA:0,startNewChat
FNDA:0,loadChat
FNDA:0,deleteChat
FNDA:0,formatTime
FNDA:0,sendMessage
FNDA:0,sendSuggestion
FNDA:0,scrollToBottom
FNDA:0,(anonymous_9)
FNDA:0,(anonymous_10)
FNDA:0,(anonymous_11)
FNDA:0,(anonymous_12)
FNDA:0,(anonymous_13)
FNDA:0,(anonymous_14)
FNDA:0,(anonymous_15)
FNDA:0,(anonymous_16)
FNDA:0,(anonymous_17)
FNDA:0,(anonymous_18)
FNDA:0,(anonymous_19)
DA:6,0
DA:17,1
DA:19,1
DA:20,1
DA:21,0
DA:31,1
DA:37,0
DA:47,1
DA:49,0
DA:51,1
DA:57,0
DA:59,1
DA:60,1
DA:61,1
DA:65,0
DA:84,1
DA:85,0
DA:88,0
DA:91,0
DA:103,1
DA:112,1
DA:133,1
DA:136,0
DA:162,6
DA:165,6
DA:166,6
DA:167,6
DA:168,6
DA:169,6
DA:170,6
DA:171,6
DA:172,6
DA:173,6
DA:175,6
DA:176,6
DA:180,6
DA:181,6
DA:183,0
DA:188,0
DA:189,0
DA:190,0
DA:191,0
DA:192,0
DA:193,0
DA:195,0
DA:201,0
DA:202,0
DA:203,0
DA:209,0
DA:210,0
DA:211,0
DA:212,0
DA:213,0
DA:215,0
DA:217,0
DA:223,0
DA:224,0
DA:225,0
DA:226,0
DA:227,0
DA:228,0
DA:230,0
DA:231,0
DA:232,0
DA:233,0
DA:234,0
DA:238,0
DA:239,0
DA:242,0
DA:243,0
DA:246,0
DA:247,0
DA:250,0
DA:253,0
DA:255,0
DA:257,0
DA:260,0
DA:263,0
DA:264,0
DA:265,0
DA:269,0
DA:270,0
DA:276,0
DA:277,0
DA:284,0
DA:289,0
DA:290,0
DA:295,0
DA:296,0
DA:300,0
DA:301,0
DA:302,0
LF:92
LH:27
BRDA:209,0,0,0
BRDA:209,0,1,0
BRDA:212,1,0,0
BRDA:212,1,1,0
BRDA:230,2,0,0
BRDA:230,2,1,0
BRDA:231,3,0,0
BRDA:231,3,1,0
BRDA:232,4,0,0
BRDA:232,4,1,0
BRDA:233,5,0,0
BRDA:233,5,1,0
BRDA:238,6,0,0
BRDA:238,6,1,0
BRDA:238,7,0,0
BRDA:238,7,1,0
BRDA:257,8,0,0
BRDA:257,8,1,0
BRDA:263,9,0,0
BRDA:263,9,1,0
BRDA:263,10,0,0
BRDA:263,10,1,0
BRDA:269,11,0,0
BRDA:269,11,1,0
BRDA:276,12,0,0
BRDA:276,12,1,0
BRDA:301,13,0,0
BRDA:301,13,1,0
BRDA:6,14,0,6
BRDA:6,14,1,6
BRDA:13,15,0,0
BRDA:13,15,1,6
BRDA:21,16,0,0
BRDA:21,16,1,0
BRDA:29,17,0,0
BRDA:29,17,1,0
BRDA:37,18,0,0
BRDA:37,18,1,0
BRDA:50,19,0,0
BRDA:50,19,1,0
BRDA:49,20,0,0
BRDA:49,20,1,0
BRDA:71,21,0,0
BRDA:71,21,1,0
BRDA:83,22,0,0
BRDA:83,22,1,0
BRDA:85,23,0,0
BRDA:85,23,1,0
BRDA:88,24,0,0
BRDA:88,24,1,0
BRDA:91,25,0,0
BRDA:91,25,1,0
BRDA:107,26,0,0
BRDA:107,26,1,0
BRDA:141,27,0,0
BRDA:141,27,1,0
BRDA:145,28,0,0
BRDA:145,28,1,0
BRF:58
BRH:3
end_of_record
TN:
SF:src\components\HelloWorld.vue
FN:13,(anonymous_0)
FNF:1
FNH:0
FNDA:0,(anonymous_0)
DA:6,2
DA:12,1
DA:13,0
LF:3
LH:2
BRDA:13,0,0,2
BRDA:13,0,1,2
BRDA:34,1,0,2
BRDA:34,1,1,2
BRF:4
BRH:4
end_of_record
TN:
SF:src\components\RequirementTreeView.vue
FN:86,(anonymous_0)
FN:91,(anonymous_1)
FN:94,(anonymous_2)
FN:100,(anonymous_3)
FN:101,(anonymous_4)
FN:104,(anonymous_5)
FN:119,(anonymous_6)
FN:122,hasChildren
FN:124,(anonymous_8)
FN:129,(anonymous_9)
FN:134,toggleExpand
FN:13,(anonymous_11)
FN:17,(anonymous_12)
FN:54,(anonymous_13)
FNF:14
FNH:4
FNDA:3,(anonymous_0)
FNDA:1,(anonymous_1)
FNDA:0,(anonymous_2)
FNDA:0,(anonymous_3)
FNDA:0,(anonymous_4)
FNDA:0,(anonymous_5)
FNDA:0,(anonymous_6)
FNDA:1,hasChildren
FNDA:1,(anonymous_8)
FNDA:0,(anonymous_9)
FNDA:0,toggleExpand
FNDA:0,(anonymous_11)
FNDA:0,(anonymous_12)
FNDA:0,(anonymous_13)
DA:2,3
DA:13,0
DA:17,0
DA:32,3
DA:33,3
DA:54,0
DA:75,3
DA:81,3
DA:86,3
DA:89,3
DA:91,3
DA:94,0
DA:98,0
DA:100,0
DA:101,0
DA:104,0
DA:107,0
DA:108,0
DA:109,0
DA:111,0
DA:112,0
DA:115,0
DA:119,3
DA:124,1
DA:125,1
DA:128,1
DA:129,0
DA:131,1
DA:135,0
LF:29
LH:13
BRDA:89,0,0,3
BRDA:89,0,1,0
BRDA:99,1,0,0
BRDA:99,1,1,0
BRDA:100,2,0,0
BRDA:100,2,1,0
BRDA:125,3,0,0
BRDA:125,3,1,1
BRDA:128,4,0,1
BRDA:128,4,1,0
BRDA:129,5,0,0
BRDA:129,5,1,0
BRDA:9,6,0,0
BRDA:9,6,1,1
BRDA:16,7,0,0
BRDA:16,7,1,1
BRDA:36,8,0,1
BRDA:36,8,1,1
BRDA:37,9,0,0
BRDA:37,9,1,0
BRDA:45,10,0,1
BRDA:45,10,1,0
BRDA:54,11,0,0
BRDA:54,11,1,0
BRF:24
BRH:8
end_of_record
TN:
SF:src\components\requirements\PriorityBadge.vue
FN:18,(anonymous_0)
FNF:1
FNH:1
FNDA:6,(anonymous_0)
DA:2,6
DA:15,6
DA:16,6
DA:18,6
LF:4
LH:4
BRF:0
BRH:0
end_of_record
TN:
SF:src\components\requirements\RequirementCard.vue
FN:4,(anonymous_0)
FNF:1
FNH:0
FNDA:0,(anonymous_0)
DA:4,0
DA:6,2
DA:7,2
DA:8,2
DA:9,2
DA:10,2
DA:13,2
DA:16,2
DA:18,2
DA:21,2
LF:10
LH:9
BRDA:4,0,0,2
BRDA:4,0,1,2
BRDA:19,1,0,2
BRDA:19,1,1,0
BRDA:25,2,0,0
BRDA:25,2,1,2
BRDA:29,3,0,0
BRDA:29,3,1,0
BRDA:32,4,0,0
BRDA:32,4,1,2
BRDA:36,5,0,0
BRDA:36,5,1,0
BRF:12
BRH:5
end_of_record
TN:
SF:src\components\requirements\RequirementForm.vue
FN:131,updateField
FN:2,(anonymous_1)
FN:18,(anonymous_2)
FN:31,(anonymous_3)
FN:43,(anonymous_4)
FN:58,(anonymous_5)
FN:72,(anonymous_6)
FN:88,(anonymous_7)
FNF:8
FNH:0
FNDA:0,updateField
FNDA:0,(anonymous_1)
FNDA:0,(anonymous_2)
FNDA:0,(anonymous_3)
FNDA:0,(anonymous_4)
FNDA:0,(anonymous_5)
FNDA:0,(anonymous_6)
FNDA:0,(anonymous_7)
DA:2,0
DA:3,2
DA:7,2
DA:18,0
DA:31,0
DA:43,0
DA:52,2
DA:58,0
DA:72,0
DA:85,2
DA:88,0
DA:120,3
DA:125,3
DA:132,0
LF:14
LH:6
BRDA:2,0,0,3
BRDA:2,0,1,3
BRDA:5,1,0,0
BRDA:5,1,1,3
BRDA:10,2,0,0
BRDA:10,2,1,0
BRDA:23,3,0,3
BRDA:23,3,1,3
BRDA:18,4,0,3
BRDA:18,4,1,3
BRDA:35,5,0,3
BRDA:35,5,1,3
BRDA:31,6,0,3
BRDA:31,6,1,3
BRDA:49,7,0,3
BRDA:49,7,1,3
BRDA:43,8,0,3
BRDA:43,8,1,3
BRDA:48,9,0,3
BRDA:48,9,1,3
BRDA:66,10,0,3
BRDA:66,10,1,3
BRDA:58,11,0,3
BRDA:58,11,1,3
BRDA:59,12,0,3
BRDA:59,12,1,3
BRDA:80,13,0,3
BRDA:80,13,1,3
BRDA:72,14,0,3
BRDA:72,14,1,3
BRDA:73,15,0,3
BRDA:73,15,1,3
BRDA:88,16,0,3
BRDA:88,16,1,3
BRF:34
BRH:31
end_of_record
TN:
SF:src\components\requirements\RequirementHistory.vue
FN:154,(anonymous_0)
FN:158,loadHistory
FN:170,generateRedline
FN:198,escapeHtml
FN:206,(anonymous_4)
FN:209,formatChangeType
FN:221,getChangeTypeClass
FN:233,getChangeTypeBadgeClass
FN:245,getChangedFields
FN:249,(anonymous_9)
FN:256,formatFieldName
FN:269,formatValue
FN:275,formatDate
FN:7,(anonymous_13)
FN:18,(anonymous_14)
FNF:15
FNH:2
FNDA:3,(anonymous_0)
FNDA:3,loadHistory
FNDA:0,generateRedline
FNDA:0,escapeHtml
FNDA:0,(anonymous_4)
FNDA:0,formatChangeType
FNDA:0,getChangeTypeClass
FNDA:0,getChangeTypeBadgeClass
FNDA:0,getChangedFields
FNDA:0,(anonymous_9)
FNDA:0,formatFieldName
FNDA:0,formatValue
FNDA:0,formatDate
FNDA:0,(anonymous_13)
FNDA:0,(anonymous_14)
DA:2,2
DA:5,2
DA:7,0
DA:18,0
DA:53,2
DA:54,2
DA:59,2
DA:63,2
DA:70,2
DA:72,2
DA:76,2
DA:78,2
DA:82,2
DA:84,2
DA:91,2
DA:99,2
DA:100,2
DA:101,2
DA:111,2
DA:112,2
DA:113,2
DA:121,2
DA:123,2
DA:145,3
DA:149,3
DA:150,3
DA:151,3
DA:152,3
DA:154,3
DA:155,3
DA:159,3
DA:160,3
DA:161,3
DA:162,3
DA:164,3
DA:166,3
DA:171,0
DA:172,0
DA:176,0
DA:179,0
DA:181,0
DA:183,0
DA:184,0
DA:186,0
DA:187,0
DA:188,0
DA:189,0
DA:191,0
DA:195,0
DA:199,0
DA:206,0
DA:210,0
DA:218,0
DA:222,0
DA:230,0
DA:234,0
DA:242,0
DA:246,0
DA:248,0
DA:249,0
DA:250,0
DA:251,0
DA:252,0
DA:257,0
DA:266,0
DA:270,0
DA:271,0
DA:272,0
DA:276,0
DA:277,0
DA:278,0
DA:281,3
LF:72
LH:35
BRDA:164,0,0,3
BRDA:164,0,1,3
BRDA:176,1,0,0
BRDA:176,1,1,0
BRDA:176,1,2,0
BRDA:176,1,3,0
BRDA:179,2,0,0
BRDA:179,2,1,0
BRDA:186,3,0,0
BRDA:186,3,1,0
BRDA:188,4,0,0
BRDA:188,4,1,0
BRDA:195,5,0,0
BRDA:195,5,1,0
BRDA:218,6,0,0
BRDA:218,6,1,0
BRDA:230,7,0,0
BRDA:230,7,1,0
BRDA:242,8,0,0
BRDA:242,8,1,0
BRDA:246,9,0,0
BRDA:246,9,1,0
BRDA:246,10,0,0
BRDA:246,10,1,0
BRDA:266,11,0,0
BRDA:266,11,1,0
BRDA:270,12,0,0
BRDA:270,12,1,0
BRDA:270,13,0,0
BRDA:270,13,1,0
BRDA:271,14,0,0
BRDA:271,14,1,0
BRDA:276,15,0,0
BRDA:276,15,1,0
BRDA:3,16,0,9
BRDA:3,16,1,6
BRDA:3,16,2,3
BRDA:7,17,0,0
BRDA:7,17,1,0
BRDA:8,18,0,0
BRDA:8,18,1,0
BRDA:18,19,0,0
BRDA:18,19,1,0
BRDA:19,20,0,0
BRDA:19,20,1,0
BRDA:33,21,0,3
BRDA:33,21,1,3
BRDA:44,22,0,3
BRDA:44,22,1,3
BRDA:60,23,0,0
BRDA:60,23,1,0
BRDA:69,24,0,0
BRDA:69,24,1,0
BRDA:69,24,2,0
BRDA:81,25,0,0
BRDA:81,25,1,0
BRDA:87,26,0,0
BRDA:87,26,1,0
BRDA:99,27,0,0
BRDA:99,27,1,0
BRDA:102,28,0,0
BRDA:102,28,1,0
BRDA:103,29,0,0
BRDA:103,29,1,0
BRDA:104,30,0,0
BRDA:104,30,1,0
BRDA:105,31,0,0
BRDA:105,31,1,0
BRDA:111,32,0,0
BRDA:111,32,1,0
BRDA:114,33,0,0
BRDA:114,33,1,0
BRDA:115,34,0,0
BRDA:115,34,1,0
BRDA:121,35,0,0
BRDA:121,35,1,0
BRDA:121,35,2,0
BRDA:122,36,0,0
BRDA:122,36,1,0
BRDA:125,37,0,0
BRDA:125,37,1,0
BRDA:129,38,0,0
BRDA:129,38,1,0
BRF:83
BRH:9
end_of_record
TN:
SF:src\components\requirements\RequirementModal.vue
FN:5,(anonymous_0)
FNF:1
FNH:0
FNDA:0,(anonymous_0)
DA:5,0
DA:7,2
DA:8,2
LF:3
LH:2
BRDA:5,0,0,0
BRDA:5,0,1,0
BRF:2
BRH:0
end_of_record
TN:
SF:src\components\requirements\StatusBadge.vue
FN:18,(anonymous_0)
FNF:1
FNH:1
FNDA:6,(anonymous_0)
DA:2,6
DA:15,6
DA:16,6
DA:18,6
LF:4
LH:4
BRF:0
BRH:0
end_of_record
TN:
SF:src\composables\useRequirementStyles.ts
FN:1,useRequirementStyles
FN:2,(anonymous_1)
FN:17,(anonymous_2)
FNF:3
FNH:3
FNDA:13,useRequirementStyles
FNDA:11,(anonymous_1)
FNDA:11,(anonymous_2)
DA:2,13
DA:3,11
DA:5,11
DA:7,4
DA:9,2
DA:11,2
DA:13,3
DA:17,13
DA:18,11
DA:20,11
DA:22,2
DA:24,4
DA:26,4
DA:28,1
DA:32,13
LF:15
LH:15
BRDA:5,0,0,4
BRDA:5,0,1,2
BRDA:5,0,2,2
BRDA:5,0,3,3
BRDA:20,1,0,2
BRDA:20,1,1,4
BRDA:20,1,2,4
BRDA:20,1,3,1
BRF:8
BRH:8
end_of_record
TN:
SF:src\router\index.ts
FN:24,(anonymous_0)
FN:30,(anonymous_1)
FN:36,(anonymous_2)
FN:46,(anonymous_3)
FNF:4
FNH:0
FNDA:0,(anonymous_0)
FNDA:0,(anonymous_1)
FNDA:0,(anonymous_2)
FNDA:0,(anonymous_3)
DA:6,0
DA:24,0
DA:30,0
DA:36,0
DA:46,0
DA:47,0
DA:48,0
DA:50,0
DA:51,0
DA:52,0
DA:53,0
DA:55,0
LF:12
LH:0
BRDA:50,0,0,0
BRDA:50,0,1,0
BRDA:50,1,0,0
BRDA:50,1,1,0
BRDA:52,2,0,0
BRDA:52,2,1,0
BRDA:52,3,0,0
BRDA:52,3,1,0
BRF:8
BRH:0
end_of_record
TN:
SF:src\services\aiService.ts
FN:27,(anonymous_0)
FN:34,(anonymous_1)
FN:58,(anonymous_2)
FN:76,(anonymous_3)
FN:94,(anonymous_4)
FNF:5
FNH:5
FNDA:9,(anonymous_0)
FNDA:2,(anonymous_1)
FNDA:2,(anonymous_2)
FNDA:2,(anonymous_3)
FNDA:2,(anonymous_4)
DA:28,9
DA:35,2
DA:48,2
DA:49,1
DA:52,1
DA:59,2
DA:66,2
DA:67,1
DA:70,1
DA:77,2
DA:84,2
DA:85,1
DA:88,1
DA:95,2
DA:102,2
DA:103,1
LF:16
LH:16
BRDA:28,0,0,9
BRDA:28,0,1,9
BRDA:48,1,0,1
BRDA:48,1,1,1
BRDA:66,2,0,1
BRDA:66,2,1,1
BRDA:84,3,0,1
BRDA:84,3,1,1
BRDA:102,4,0,1
BRDA:102,4,1,1
BRF:10
BRH:10
end_of_record
TN:
SF:src\services\api.ts
FN:12,(anonymous_0)
FN:19,(anonymous_1)
FN:26,(anonymous_2)
FN:27,(anonymous_3)
FNF:4
FNH:2
FNDA:17,(anonymous_0)
FNDA:0,(anonymous_1)
FNDA:0,(anonymous_2)
FNDA:17,(anonymous_3)
DA:3,9
DA:11,9
DA:13,17
DA:14,17
DA:15,0
DA:17,17
DA:20,0
DA:25,9
DA:26,0
DA:28,17
DA:29,0
DA:30,0
DA:32,17
LF:13
LH:8
BRDA:14,0,0,0
BRDA:14,0,1,17
BRDA:28,1,0,0
BRDA:28,1,1,17
BRF:4
BRH:2
end_of_record
TN:
SF:src\services\authService.ts
FN:23,(anonymous_0)
FN:28,(anonymous_1)
FN:33,(anonymous_2)
FNF:3
FNH:3
FNDA:1,(anonymous_0)
FNDA:1,(anonymous_1)
FNDA:1,(anonymous_2)
DA:22,8
DA:24,1
DA:25,1
DA:29,1
DA:30,1
DA:34,1
LF:6
LH:6
BRF:0
BRH:0
end_of_record
TN:
SF:src\services\projectService.ts
FN:23,(anonymous_0)
FN:28,(anonymous_1)
FN:33,(anonymous_2)
FN:38,(anonymous_3)
FN:43,(anonymous_4)
FNF:5
FNH:5
FNDA:6,(anonymous_0)
FNDA:10,(anonymous_1)
FNDA:1,(anonymous_2)
FNDA:1,(anonymous_3)
FNDA:1,(anonymous_4)
DA:22,5
DA:24,6
DA:25,1
DA:29,10
DA:30,1
DA:34,1
DA:35,1
DA:39,1
DA:40,1
DA:44,1
LF:10
LH:10
BRF:0
BRH:0
end_of_record
TN:
SF:src\services\requirementService.ts
FN:41,(anonymous_0)
FN:46,(anonymous_1)
FN:51,(anonymous_2)
FN:56,(anonymous_3)
FN:61,(anonymous_4)
FN:65,(anonymous_5)
FN:70,(anonymous_6)
FN:75,(anonymous_7)
FN:80,(anonymous_8)
FN:84,(anonymous_9)
FNF:10
FNH:10
FNDA:1,(anonymous_0)
FNDA:1,(anonymous_1)
FNDA:1,(anonymous_2)
FNDA:1,(anonymous_3)
FNDA:1,(anonymous_4)
FNDA:4,(anonymous_5)
FNDA:1,(anonymous_6)
FNDA:1,(anonymous_7)
FNDA:1,(anonymous_8)
FNDA:1,(anonymous_9)
DA:40,2
DA:42,1
DA:43,1
DA:47,1
DA:48,1
DA:52,1
DA:53,1
DA:57,1
DA:58,1
DA:62,1
DA:66,4
DA:67,1
DA:71,1
DA:72,1
DA:76,1
DA:77,1
DA:81,1
DA:85,1
LF:18
LH:18
BRF:0
BRH:0
end_of_record
TN:
SF:src\stores\auth.ts
FN:5,(anonymous_0)
FN:11,(anonymous_1)
FN:12,(anonymous_2)
FN:13,(anonymous_3)
FN:15,login
FN:41,fetchCurrentUser
FN:58,validateToken
FN:76,logout
FNF:8
FNH:8
FNDA:38,(anonymous_0)
FNDA:6,(anonymous_1)
FNDA:2,(anonymous_2)
FNDA:3,(anonymous_3)
FNDA:2,login
FNDA:10,fetchCurrentUser
FNDA:6,validateToken
FNDA:3,logout
DA:5,8
DA:6,38
DA:7,38
DA:8,38
DA:9,38
DA:11,38
DA:12,38
DA:13,38
DA:16,2
DA:17,2
DA:18,2
DA:19,2
DA:20,1
DA:21,1
DA:22,1
DA:29,1
DA:30,1
DA:32,1
DA:33,1
DA:34,1
DA:35,1
DA:37,2
DA:42,10
DA:43,2
DA:44,2
DA:45,1
DA:46,1
DA:49,1
DA:50,1
DA:59,6
DA:60,4
DA:63,2
DA:64,2
DA:65,1
DA:66,1
DA:70,1
DA:71,1
DA:72,1
DA:77,3
DA:78,3
DA:79,3
DA:80,3
DA:81,3
DA:84,38
LF:44
LH:44
BRDA:13,0,0,3
BRDA:13,0,1,2
BRDA:32,1,0,1
BRDA:32,1,1,0
BRDA:42,2,0,8
BRDA:42,2,1,2
BRDA:45,3,0,1
BRDA:45,3,1,0
BRDA:49,4,0,1
BRDA:49,4,1,1
BRDA:59,5,0,4
BRDA:59,5,1,2
BRDA:65,6,0,1
BRDA:65,6,1,0
BRDA:70,7,0,1
BRDA:70,7,1,1
BRF:16
BRH:13
end_of_record
TN:
SF:src\stores\projects.ts
FN:5,(anonymous_0)
FN:11,fetchProjects
FN:23,fetchProject
FN:37,createProject
FN:52,updateProject
FN:57,(anonymous_5)
FN:73,deleteProject
FN:78,(anonymous_7)
FNF:8
FNH:8
FNDA:18,(anonymous_0)
FNDA:7,fetchProjects
FNDA:2,fetchProject
FNDA:2,createProject
FNDA:3,updateProject
FNDA:1,(anonymous_5)
FNDA:3,deleteProject
FNDA:2,(anonymous_7)
DA:5,2
DA:6,18
DA:7,18
DA:8,18
DA:9,18
DA:12,7
DA:13,7
DA:14,7
DA:15,7
DA:17,6
DA:19,7
DA:24,2
DA:25,2
DA:26,2
DA:27,2
DA:28,1
DA:30,1
DA:31,1
DA:33,2
DA:38,2
DA:39,2
DA:40,2
DA:41,2
DA:42,1
DA:43,1
DA:45,1
DA:46,1
DA:48,2
DA:53,3
DA:54,3
DA:55,3
DA:56,3
DA:57,2
DA:58,2
DA:59,1
DA:61,2
DA:62,1
DA:64,2
DA:66,1
DA:67,1
DA:69,3
DA:74,3
DA:75,3
DA:76,3
DA:77,3
DA:78,2
DA:79,2
DA:80,1
DA:82,2
DA:84,1
DA:85,1
DA:87,3
DA:91,18
LF:53
LH:53
BRDA:17,0,0,6
BRDA:17,0,1,5
BRDA:30,1,0,1
BRDA:30,1,1,0
BRDA:45,2,0,1
BRDA:45,2,1,0
BRDA:58,3,0,1
BRDA:58,3,1,1
BRDA:61,4,0,1
BRDA:61,4,1,1
BRDA:66,5,0,1
BRDA:66,5,1,0
BRDA:79,6,0,1
BRDA:79,6,1,1
BRDA:84,7,0,1
BRDA:84,7,1,0
BRF:16
BRH:12
end_of_record
TN:
SF:src\utils\requirementSorting.ts
FN:8,compareReqIds
FN:31,extractNumber
FNF:2
FNH:2
FNDA:15,compareReqIds
FNDA:36,extractNumber
DA:9,15
DA:11,15
DA:12,15
DA:15,15
DA:16,12
DA:20,3
DA:23,0
DA:24,0
DA:33,36
DA:34,36
DA:35,33
DA:36,33
DA:38,3
LF:13
LH:11
BRDA:15,0,0,12
BRDA:15,0,1,3
BRDA:34,1,0,33
BRDA:34,1,1,3
BRDA:34,2,0,36
BRDA:34,2,1,33
BRF:6
BRH:6
end_of_record
TN:
SF:src\views\Dashboard.vue
FN:94,(anonymous_0)
FN:98,handleLogout
FN:74,(anonymous_2)
FNF:3
FNH:1
FNDA:1,(anonymous_0)
FNDA:0,handleLogout
FNDA:0,(anonymous_2)
DA:2,1
DA:4,1
DA:5,1
DA:6,1
DA:8,1
DA:9,1
DA:11,1
DA:27,1
DA:28,1
DA:34,1
DA:72,1
DA:74,0
DA:91,1
DA:92,1
DA:94,1
DA:95,1
DA:99,0
DA:100,0
LF:18
LH:15
BRDA:22,0,0,1
BRDA:22,0,1,1
BRDA:10,1,0,1
BRDA:10,1,1,1
BRDA:81,2,0,1
BRDA:81,2,1,1
BRDA:29,3,0,1
BRDA:29,3,1,1
BRDA:80,4,0,1
BRDA:80,4,1,1
BRDA:74,5,0,1
BRDA:74,5,1,1
BRF:12
BRH:12
end_of_record
TN:
SF:src\views\Login.vue
FN:87,handleLogin
FN:27,(anonymous_1)
FN:41,(anonymous_2)
FNF:3
FNH:1
FNDA:2,handleLogin
FNDA:0,(anonymous_1)
FNDA:0,(anonymous_2)
DA:2,1
DA:3,1
DA:15,1
DA:18,1
DA:21,1
DA:28,0
DA:42,0
DA:81,6
DA:82,6
DA:84,6
DA:85,6
DA:88,2
DA:89,2
DA:90,1
LF:14
LH:12
BRDA:89,0,0,1
BRDA:89,0,1,1
BRDA:17,1,0,1
BRDA:17,1,1,7
BRDA:34,2,0,8
BRDA:34,2,1,6
BRDA:27,3,0,8
BRDA:27,3,1,6
BRDA:48,4,0,8
BRDA:48,4,1,6
BRDA:41,5,0,8
BRDA:41,5,1,6
BRDA:57,6,0,1
BRDA:57,6,1,7
BRF:14
BRH:14
end_of_record
TN:
SF:src\views\ProjectDetail.vue
FN:459,(anonymous_0)
FN:487,(anonymous_1)
FN:491,(anonymous_2)
FN:499,loadData
FN:507,(anonymous_4)
FN:508,(anonymous_5)
FN:516,(anonymous_6)
FN:518,(anonymous_7)
FN:530,handleSearch
FN:547,(anonymous_9)
FN:556,(anonymous_10)
FN:561,(anonymous_11)
FN:566,(anonymous_12)
FN:570,(anonymous_13)
FN:575,openCreateModal
FN:588,openEditModal
FN:601,handleTreeNavigate
FN:605,toggleNode
FN:613,handleSaveRequirement
FN:633,deleteRequirement
FN:647,navigateToRequirement
FN:651,handleLogout
FN:8,(anonymous_22)
FN:22,(anonymous_23)
FN:63,(anonymous_24)
FN:83,(anonymous_25)
FN:117,(anonymous_26)
FN:128,(anonymous_27)
FN:139,(anonymous_28)
FN:153,(anonymous_29)
FN:147,(anonymous_30)
FN:157,(anonymous_31)
FN:189,(anonymous_32)
FN:205,(anonymous_33)
FN:224,(anonymous_34)
FN:264,(anonymous_35)
FN:279,(anonymous_36)
FN:300,(anonymous_37)
FN:310,(anonymous_38)
FN:319,(anonymous_39)
FN:340,(anonymous_40)
FN:351,(anonymous_41)
FN:361,(anonymous_42)
FN:370,(anonymous_43)
FN:376,(anonymous_44)
FN:388,(anonymous_45)
FN:400,(anonymous_46)
FN:413,(anonymous_47)
FN:428,(anonymous_48)
FNF:49
FNH:3
FNDA:3,(anonymous_0)
FNDA:0,(anonymous_1)
FNDA:3,(anonymous_2)
FNDA:3,loadData
FNDA:0,(anonymous_4)
FNDA:0,(anonymous_5)
FNDA:0,(anonymous_6)
FNDA:0,(anonymous_7)
FNDA:0,handleSearch
FNDA:0,(anonymous_9)
FNDA:0,(anonymous_10)
FNDA:0,(anonymous_11)
FNDA:0,(anonymous_12)
FNDA:0,(anonymous_13)
FNDA:0,openCreateModal
FNDA:0,openEditModal
FNDA:0,handleTreeNavigate
FNDA:0,toggleNode
FNDA:0,handleSaveRequirement
FNDA:0,deleteRequirement
FNDA:0,navigateToRequirement
FNDA:0,handleLogout
FNDA:0,(anonymous_22)
FNDA:0,(anonymous_23)
FNDA:0,(anonymous_24)
FNDA:0,(anonymous_25)
FNDA:0,(anonymous_26)
FNDA:0,(anonymous_27)
FNDA:0,(anonymous_28)
FNDA:0,(anonymous_29)
FNDA:0,(anonymous_30)
FNDA:0,(anonymous_31)
FNDA:0,(anonymous_32)
FNDA:0,(anonymous_33)
FNDA:0,(anonymous_34)
FNDA:0,(anonymous_35)
FNDA:0,(anonymous_36)
FNDA:0,(anonymous_37)
FNDA:0,(anonymous_38)
FNDA:0,(anonymous_39)
FNDA:0,(anonymous_40)
FNDA:0,(anonymous_41)
FNDA:0,(anonymous_42)
FNDA:0,(anonymous_43)
FNDA:0,(anonymous_44)
FNDA:0,(anonymous_45)
FNDA:0,(anonymous_46)
FNDA:0,(anonymous_47)
FNDA:0,(anonymous_48)
DA:2,1
DA:4,1
DA:5,1
DA:6,1
DA:7,1
DA:8,0
DA:13,1
DA:20,1
DA:22,0
DA:43,1
DA:50,1
DA:63,0
DA:79,1
DA:80,1
DA:83,0
DA:92,1
DA:107,1
DA:109,1
DA:110,1
DA:112,0
DA:119,0
DA:130,0
DA:141,0
DA:146,0
DA:155,1
DA:157,0
DA:189,0
DA:205,0
DA:224,0
DA:226,1
DA:227,1
DA:228,1
DA:229,1
DA:230,1
DA:233,1
DA:236,1
DA:238,1
DA:240,1
DA:264,0
DA:279,0
DA:298,1
DA:300,0
DA:310,0
DA:319,0
DA:340,0
DA:342,1
DA:343,1
DA:347,1
DA:352,0
DA:362,0
DA:371,0
DA:375,0
DA:389,0
DA:396,1
DA:401,0
DA:414,0
DA:425,1
DA:428,0
DA:455,3
DA:456,3
DA:457,3
DA:459,3
DA:460,3
DA:461,3
DA:462,3
DA:463,3
DA:464,3
DA:466,3
DA:467,3
DA:468,3
DA:469,3
DA:470,3
DA:472,3
DA:473,3
DA:474,3
DA:475,3
DA:476,3
DA:478,3
DA:487,3
DA:488,0
DA:491,3
DA:492,3
DA:494,3
DA:495,0
DA:500,3
DA:501,3
DA:502,3
DA:503,0
DA:504,0
DA:507,0
DA:508,0
DA:509,0
DA:510,0
DA:513,0
DA:516,0
DA:517,0
DA:518,0
DA:524,3
DA:526,3
DA:532,0
DA:542,0
DA:545,0
DA:546,0
DA:547,0
DA:548,0
DA:555,0
DA:556,0
DA:560,0
DA:561,0
DA:565,0
DA:566,0
DA:570,0
DA:572,0
DA:576,0
DA:577,0
DA:585,0
DA:589,0
DA:590,0
DA:598,0
DA:602,0
DA:606,0
DA:607,0
DA:609,0
DA:614,0
DA:615,0
DA:616,0
DA:621,0
DA:626,0
DA:627,0
DA:629,0
DA:634,0
DA:636,0
DA:637,0
DA:638,0
DA:639,0
DA:640,0
DA:642,0
DA:643,0
DA:648,0
DA:652,0
DA:653,0
LF:141
LH:60
BRDA:466,0,0,3
BRDA:466,0,1,3
BRDA:467,1,0,3
BRDA:467,1,1,3
BRDA:468,2,0,3
BRDA:468,2,1,3
BRDA:469,3,0,3
BRDA:469,3,1,3
BRDA:494,4,0,0
BRDA:494,4,1,3
BRDA:494,5,0,3
BRDA:494,5,1,3
BRDA:494,5,2,3
BRDA:494,5,3,3
BRDA:534,6,0,0
BRDA:534,6,1,0
BRDA:535,7,0,0
BRDA:535,7,1,0
BRDA:536,8,0,0
BRDA:536,8,1,0
BRDA:537,9,0,0
BRDA:537,9,1,0
BRDA:545,10,0,0
BRDA:545,10,1,0
BRDA:548,11,0,0
BRDA:548,11,1,0
BRDA:548,11,2,0
BRDA:548,11,3,0
BRDA:555,12,0,0
BRDA:555,12,1,0
BRDA:560,13,0,0
BRDA:560,13,1,0
BRDA:565,14,0,0
BRDA:565,14,1,0
BRDA:582,15,0,0
BRDA:582,15,1,0
BRDA:595,16,0,0
BRDA:595,16,1,0
BRDA:596,17,0,0
BRDA:596,17,1,0
BRDA:606,18,0,0
BRDA:606,18,1,0
BRDA:615,19,0,0
BRDA:615,19,1,0
BRDA:618,20,0,0
BRDA:618,20,1,0
BRDA:623,21,0,0
BRDA:623,21,1,0
BRDA:634,22,0,0
BRDA:634,22,1,0
BRDA:643,23,0,0
BRDA:643,23,1,0
BRDA:643,23,2,0
BRDA:8,24,0,6
BRDA:8,24,1,3
BRDA:8,25,0,6
BRDA:8,25,1,3
BRDA:12,26,0,6
BRDA:12,26,1,3
BRDA:14,27,0,6
BRDA:14,27,1,6
BRDA:16,28,0,0
BRDA:16,28,1,6
BRDA:22,29,0,6
BRDA:22,29,1,3
BRDA:23,30,0,6
BRDA:23,30,1,3
BRDA:47,31,0,3
BRDA:47,31,1,3
BRDA:63,32,0,0
BRDA:63,32,1,0
BRDA:91,33,0,0
BRDA:91,33,1,0
BRDA:83,34,0,0
BRDA:83,34,1,0
BRDA:117,35,0,0
BRDA:117,35,1,0
BRDA:128,36,0,0
BRDA:128,36,1,0
BRDA:139,37,0,0
BRDA:139,37,1,0
BRDA:153,38,0,0
BRDA:153,38,1,0
BRDA:145,39,0,0
BRDA:145,39,1,0
BRDA:157,40,0,0
BRDA:157,40,1,0
BRDA:162,41,0,0
BRDA:162,41,1,0
BRDA:189,42,0,0
BRDA:189,42,1,0
BRDA:202,43,0,0
BRDA:202,43,1,0
BRDA:202,44,0,0
BRDA:202,44,1,0
BRDA:205,45,0,0
BRDA:205,45,1,0
BRDA:206,46,0,0
BRDA:206,46,1,0
BRDA:220,47,0,0
BRDA:220,47,1,0
BRDA:234,48,0,0
BRDA:234,48,1,0
BRDA:238,49,0,0
BRDA:238,49,1,0
BRDA:241,50,0,0
BRDA:241,50,1,0
BRDA:241,51,0,0
BRDA:241,51,1,0
BRDA:241,52,0,0
BRDA:241,52,1,0
BRDA:250,53,0,0
BRDA:250,53,1,0
BRDA:250,54,0,0
BRDA:250,54,1,0
BRDA:250,55,0,0
BRDA:250,55,1,0
BRDA:259,56,0,0
BRDA:259,56,1,0
BRDA:263,57,0,0
BRDA:263,57,1,0
BRDA:263,58,0,0
BRDA:263,58,1,0
BRDA:271,59,0,0
BRDA:271,59,1,0
BRDA:278,60,0,0
BRDA:278,60,1,0
BRDA:278,61,0,0
BRDA:278,61,1,0
BRDA:286,62,0,0
BRDA:286,62,1,0
BRDA:292,63,0,0
BRDA:292,63,1,0
BRDA:294,64,0,0
BRDA:294,64,1,0
BRDA:302,65,0,0
BRDA:302,65,1,0
BRDA:311,66,0,0
BRDA:311,66,1,0
BRDA:320,67,0,0
BRDA:320,67,1,0
BRDA:340,68,0,0
BRDA:340,68,1,0
BRDA:344,69,0,0
BRDA:344,69,1,0
BRDA:357,70,0,0
BRDA:357,70,1,0
BRDA:351,71,0,0
BRDA:351,71,1,0
BRDA:366,72,0,0
BRDA:366,72,1,0
BRDA:361,73,0,0
BRDA:361,73,1,0
BRDA:384,74,0,0
BRDA:384,74,1,0
BRDA:370,75,0,0
BRDA:370,75,1,0
BRDA:374,76,0,0
BRDA:374,76,1,0
BRDA:395,77,0,0
BRDA:395,77,1,0
BRDA:388,78,0,0
BRDA:388,78,1,0
BRDA:394,79,0,0
BRDA:394,79,1,0
BRDA:409,80,0,0
BRDA:409,80,1,0
BRDA:400,81,0,0
BRDA:400,81,1,0
BRDA:422,82,0,0
BRDA:422,82,1,0
BRDA:413,83,0,0
BRDA:413,83,1,0
BRDA:428,84,0,0
BRDA:428,84,1,0
BRDA:437,85,0,0
BRDA:437,85,1,0
BRF:177
BRH:28
end_of_record
TN:
SF:src\views\ProjectSettings.vue
FN:180,(anonymous_0)
FN:198,(anonymous_1)
FN:202,loadProject
FN:215,(anonymous_3)
FN:219,(anonymous_4)
FN:230,addLevelPrefix
FN:232,(anonymous_6)
FN:241,removeLevelPrefix
FN:245,saveSettings
FN:274,goBack
FN:278,handleLogout
FN:46,(anonymous_11)
FN:55,(anonymous_12)
FN:64,(anonymous_13)
FN:108,(anonymous_14)
FN:118,(anonymous_15)
FN:127,(anonymous_16)
FNF:17
FNH:3
FNDA:3,(anonymous_0)
FNDA:3,(anonymous_1)
FNDA:3,loadProject
FNDA:0,(anonymous_3)
FNDA:0,(anonymous_4)
FNDA:0,addLevelPrefix
FNDA:0,(anonymous_6)
FNDA:0,removeLevelPrefix
FNDA:0,saveSettings
FNDA:0,goBack
FNDA:0,handleLogout
FNDA:0,(anonymous_11)
FNDA:0,(anonymous_12)
FNDA:0,(anonymous_13)
FNDA:0,(anonymous_14)
FNDA:0,(anonymous_15)
FNDA:0,(anonymous_16)
DA:2,1
DA:4,1
DA:5,1
DA:6,1
DA:7,1
DA:31,1
DA:38,1
DA:40,1
DA:42,1
DA:47,0
DA:56,0
DA:65,0
DA:76,1
DA:104,1
DA:109,0
DA:119,0
DA:127,0
DA:140,1
DA:141,0
DA:142,1
DA:143,1
DA:150,1
DA:176,3
DA:177,3
DA:178,3
DA:180,3
DA:181,3
DA:182,3
DA:183,3
DA:185,3
DA:196,3
DA:198,3
DA:199,3
DA:203,3
DA:204,3
DA:205,3
DA:206,0
DA:213,0
DA:214,0
DA:215,0
DA:219,0
DA:220,3
DA:223,3
DA:224,3
DA:226,3
DA:231,0
DA:232,0
DA:235,0
DA:242,0
DA:246,0
DA:247,0
DA:249,0
DA:250,0
DA:251,0
DA:252,0
DA:255,0
DA:257,0
DA:264,0
DA:265,0
DA:267,0
DA:268,0
DA:270,0
DA:275,0
DA:279,0
DA:280,0
LF:65
LH:33
BRDA:214,0,0,0
BRDA:214,0,1,0
BRDA:231,1,0,0
BRDA:231,1,1,0
BRDA:251,2,0,0
BRDA:251,2,1,0
BRDA:8,3,0,6
BRDA:8,3,1,3
BRDA:12,4,0,6
BRDA:12,4,1,3
BRDA:12,5,0,6
BRDA:12,5,1,3
BRDA:16,6,0,0
BRDA:16,6,1,6
BRDA:35,7,0,3
BRDA:35,7,1,3
BRDA:73,8,0,0
BRDA:73,8,1,0
BRDA:51,9,0,0
BRDA:51,9,1,0
BRDA:46,10,0,0
BRDA:46,10,1,0
BRDA:60,11,0,0
BRDA:60,11,1,0
BRDA:55,12,0,0
BRDA:55,12,1,0
BRDA:71,13,0,0
BRDA:71,13,1,0
BRDA:64,14,0,0
BRDA:64,14,1,0
BRDA:70,15,0,0
BRDA:70,15,1,0
BRDA:84,16,0,0
BRDA:84,16,1,0
BRDA:96,17,0,0
BRDA:96,17,1,0
BRDA:146,18,0,0
BRDA:146,18,1,0
BRDA:162,19,0,0
BRDA:162,19,1,0
BRF:40
BRH:9
end_of_record
TN:
SF:src\views\Projects.vue
FN:252,(anonymous_0)
FN:257,handleLogout
FN:262,handleCreateProject
FN:271,openDeleteModal
FN:277,closeDeleteModal
FN:283,handleDeleteProject
FN:28,(anonymous_6)
FN:54,(anonymous_7)
FN:70,(anonymous_8)
FN:80,(anonymous_9)
FN:109,(anonymous_10)
FN:118,(anonymous_11)
FN:131,(anonymous_12)
FN:145,(anonymous_13)
FN:156,(anonymous_14)
FN:199,(anonymous_15)
FNF:16
FNH:1
FNDA:6,(anonymous_0)
FNDA:0,handleLogout
FNDA:0,handleCreateProject
FNDA:0,openDeleteModal
FNDA:0,closeDeleteModal
FNDA:0,handleDeleteProject
FNDA:0,(anonymous_6)
FNDA:0,(anonymous_7)
FNDA:0,(anonymous_8)
FNDA:0,(anonymous_9)
FNDA:0,(anonymous_10)
FNDA:0,(anonymous_11)
FNDA:0,(anonymous_12)
FNDA:0,(anonymous_13)
FNDA:0,(anonymous_14)
FNDA:0,(anonymous_15)
DA:2,1
DA:4,1
DA:5,1
DA:6,1
DA:8,1
DA:9,1
DA:24,1
DA:25,1
DA:28,0
DA:42,1
DA:43,1
DA:47,1
DA:54,0
DA:65,1
DA:66,2
DA:70,0
DA:72,1
DA:73,1
DA:74,1
DA:75,1
DA:76,1
DA:80,0
DA:90,1
DA:93,1
DA:109,0
DA:111,1
DA:114,1
DA:119,0
DA:132,0
DA:146,0
DA:153,1
DA:156,0
DA:179,1
DA:180,1
DA:186,1
DA:188,1
DA:194,1
DA:196,1
DA:200,0
DA:208,1
DA:237,6
DA:238,6
DA:239,6
DA:241,6
DA:242,6
DA:248,6
DA:249,6
DA:250,6
DA:252,6
DA:253,6
DA:254,6
DA:258,0
DA:259,0
DA:263,0
DA:264,0
DA:265,0
DA:266,0
DA:267,0
DA:272,0
DA:273,0
DA:274,0
DA:278,0
DA:279,0
DA:280,0
DA:284,0
DA:285,0
DA:288,0
DA:289,0
DA:290,0
LF:69
LH:41
BRDA:264,0,0,0
BRDA:264,0,1,0
BRDA:284,1,0,0
BRDA:284,1,1,0
BRDA:284,2,0,0
BRDA:284,2,1,0
BRDA:289,3,0,0
BRDA:289,3,1,0
BRDA:19,4,0,18
BRDA:19,4,1,6
BRDA:10,5,0,18
BRDA:10,5,1,18
BRDA:33,6,0,18
BRDA:33,6,1,6
BRDA:28,7,0,18
BRDA:28,7,1,6
BRDA:39,8,0,5
BRDA:39,8,1,5
BRDA:51,9,0,6
BRDA:51,9,1,6
BRDA:51,10,0,6
BRDA:51,10,1,6
BRDA:54,11,0,6
BRDA:54,11,1,6
BRDA:55,12,0,6
BRDA:55,12,1,6
BRDA:91,13,0,2
BRDA:91,13,1,0
BRDA:97,14,0,2
BRDA:97,14,1,2
BRDA:100,15,0,2
BRDA:100,15,1,1
BRDA:109,16,0,0
BRDA:109,16,1,0
BRDA:170,17,0,0
BRDA:170,17,1,0
BRDA:125,18,0,0
BRDA:125,18,1,0
BRDA:118,19,0,0
BRDA:118,19,1,0
BRDA:141,20,0,0
BRDA:141,20,1,0
BRDA:131,21,0,0
BRDA:131,21,1,0
BRDA:140,22,0,0
BRDA:140,22,1,0
BRDA:151,23,0,0
BRDA:151,23,1,0
BRDA:145,24,0,0
BRDA:145,24,1,0
BRDA:156,25,0,0
BRDA:156,25,1,0
BRDA:191,26,0,0
BRDA:191,26,1,0
BRDA:190,27,0,0
BRDA:190,27,1,0
BRDA:188,28,0,0
BRDA:188,28,1,0
BRDA:197,29,0,0
BRDA:197,29,1,0
BRDA:196,30,0,0
BRDA:196,30,1,0
BRDA:199,31,0,0
BRDA:199,31,1,0
BRDA:219,32,0,0
BRDA:219,32,1,0
BRF:66
BRH:23
end_of_record
TN:
SF:src\views\RequirementDetail.vue
FN:466,(anonymous_0)
FN:467,(anonymous_1)
FN:504,(anonymous_2)
FN:512,(anonymous_3)
FN:521,(anonymous_4)
FN:525,(anonymous_5)
FN:528,(anonymous_6)
FN:532,(anonymous_7)
FN:534,(anonymous_8)
FN:540,(anonymous_9)
FN:552,(anonymous_10)
FN:552,(anonymous_11)
FN:558,loadData
FN:563,(anonymous_13)
FN:572,(anonymous_14)
FN:573,(anonymous_15)
FN:576,(anonymous_16)
FN:577,(anonymous_17)
FN:581,(anonymous_18)
FN:582,(anonymous_19)
FN:590,(anonymous_20)
FN:592,(anonymous_21)
FN:609,goBack
FN:617,navigateToChild
FN:621,openEditModal
FN:633,openCreateModal
FN:644,handleUpdateRequirement
FN:664,handleCreateChild
FN:684,deleteRequirement
FN:698,handleLogout
FN:703,openLinkModal
FN:708,addLink
FN:722,removeLink
FN:734,showLinksFiltered
FN:739,navigateToRequirement
FN:744,handleTreeNavigate
FN:748,toggleNode
FN:756,expandParentNodes
FN:757,(anonymous_38)
FN:764,(anonymous_39)
FN:56,(anonymous_40)
FN:76,(anonymous_41)
FN:107,(anonymous_42)
FN:115,(anonymous_43)
FN:137,(anonymous_44)
FN:144,(anonymous_45)
FN:154,(anonymous_46)
FN:224,(anonymous_47)
FN:233,(anonymous_48)
FN:235,(anonymous_49)
FN:238,(anonymous_50)
FN:243,(anonymous_51)
FN:245,(anonymous_52)
FN:249,(anonymous_53)
FN:254,(anonymous_54)
FN:269,(anonymous_55)
FN:275,(anonymous_56)
FN:285,(anonymous_57)
FN:305,(anonymous_58)
FN:309,(anonymous_59)
FN:316,(anonymous_60)
FN:337,(anonymous_61)
FN:341,(anonymous_62)
FN:351,(anonymous_63)
FN:360,(anonymous_64)
FN:366,(anonymous_65)
FN:369,(anonymous_66)
FN:375,(anonymous_67)
FN:381,(anonymous_68)
FN:387,(anonymous_69)
FN:413,(anonymous_70)
FN:430,(anonymous_71)
FNF:72
FNH:4
FNDA:3,(anonymous_0)
FNDA:0,(anonymous_1)
FNDA:0,(anonymous_2)
FNDA:0,(anonymous_3)
FNDA:0,(anonymous_4)
FNDA:0,(anonymous_5)
FNDA:0,(anonymous_6)
FNDA:0,(anonymous_7)
FNDA:0,(anonymous_8)
FNDA:3,(anonymous_9)
FNDA:3,(anonymous_10)
FNDA:0,(anonymous_11)
FNDA:3,loadData
FNDA:0,(anonymous_13)
FNDA:0,(anonymous_14)
FNDA:0,(anonymous_15)
FNDA:0,(anonymous_16)
FNDA:0,(anonymous_17)
FNDA:0,(anonymous_18)
FNDA:0,(anonymous_19)
FNDA:0,(anonymous_20)
FNDA:0,(anonymous_21)
FNDA:0,goBack
FNDA:0,navigateToChild
FNDA:0,openEditModal
FNDA:0,openCreateModal
FNDA:0,handleUpdateRequirement
FNDA:0,handleCreateChild
FNDA:0,deleteRequirement
FNDA:0,handleLogout
FNDA:0,openLinkModal
FNDA:0,addLink
FNDA:0,removeLink
FNDA:0,showLinksFiltered
FNDA:0,navigateToRequirement
FNDA:0,handleTreeNavigate
FNDA:0,toggleNode
FNDA:0,expandParentNodes
FNDA:0,(anonymous_38)
FNDA:0,(anonymous_39)
FNDA:0,(anonymous_40)
FNDA:0,(anonymous_41)
FNDA:0,(anonymous_42)
FNDA:0,(anonymous_43)
FNDA:0,(anonymous_44)
FNDA:0,(anonymous_45)
FNDA:0,(anonymous_46)
FNDA:0,(anonymous_47)
FNDA:0,(anonymous_48)
FNDA:0,(anonymous_49)
FNDA:0,(anonymous_50)
FNDA:0,(anonymous_51)
FNDA:0,(anonymous_52)
FNDA:0,(anonymous_53)
FNDA:0,(anonymous_54)
FNDA:0,(anonymous_55)
FNDA:0,(anonymous_56)
FNDA:0,(anonymous_57)
FNDA:0,(anonymous_58)
FNDA:0,(anonymous_59)
FNDA:0,(anonymous_60)
FNDA:0,(anonymous_61)
FNDA:0,(anonymous_62)
FNDA:0,(anonymous_63)
FNDA:0,(anonymous_64)
FNDA:0,(anonymous_65)
FNDA:0,(anonymous_66)
FNDA:0,(anonymous_67)
FNDA:0,(anonymous_68)
FNDA:0,(anonymous_69)
FNDA:0,(anonymous_70)
FNDA:0,(anonymous_71)
DA:2,1
DA:4,1
DA:5,1
DA:6,1
DA:7,1
DA:13,1
DA:20,1
DA:36,1
DA:43,1
DA:56,0
DA:72,1
DA:73,1
DA:76,0
DA:85,1
DA:100,1
DA:102,1
DA:107,0
DA:115,0
DA:119,1
DA:123,1
DA:124,1
DA:125,1
DA:126,1
DA:127,1
DA:130,1
DA:137,0
DA:144,0
DA:152,1
DA:154,0
DA:186,1
DA:187,1
DA:188,1
DA:219,1
DA:220,0
DA:224,0
DA:233,0
DA:235,0
DA:238,0
DA:243,0
DA:245,0
DA:249,0
DA:254,0
DA:255,1
DA:270,0
DA:274,0
DA:283,1
DA:285,0
DA:305,0
DA:313,1
DA:316,0
DA:326,1
DA:337,0
DA:345,1
DA:346,1
DA:349,1
DA:351,0
DA:360,0
DA:366,0
DA:369,0
DA:375,0
DA:379,1
DA:381,0
DA:387,0
DA:398,1
DA:406,1
DA:413,0
DA:415,1
DA:423,1
DA:424,1
DA:427,1
DA:430,0
DA:462,3
DA:463,3
DA:464,3
DA:466,3
DA:467,3
DA:469,3
DA:470,3
DA:471,3
DA:472,3
DA:473,3
DA:474,3
DA:476,3
DA:477,3
DA:478,3
DA:479,3
DA:480,3
DA:481,3
DA:482,3
DA:484,3
DA:485,3
DA:486,3
DA:488,3
DA:496,3
DA:504,3
DA:505,0
DA:507,0
DA:508,0
DA:511,0
DA:512,0
DA:513,0
DA:514,0
DA:515,0
DA:518,0
DA:521,3
DA:522,0
DA:523,0
DA:525,0
DA:528,3
DA:529,0
DA:532,0
DA:533,0
DA:534,0
DA:540,3
DA:541,3
DA:544,3
DA:545,3
DA:546,0
DA:547,0
DA:552,3
DA:553,0
DA:554,0
DA:559,3
DA:560,3
DA:561,3
DA:562,0
DA:563,0
DA:565,3
DA:567,0
DA:570,0
DA:572,0
DA:573,0
DA:575,0
DA:576,0
DA:577,0
DA:581,0
DA:582,0
DA:583,0
DA:584,0
DA:587,0
DA:590,0
DA:591,0
DA:592,0
DA:599,0
DA:600,0
DA:603,3
DA:605,3
DA:610,0
DA:611,0
DA:613,0
DA:618,0
DA:622,0
DA:623,0
DA:630,0
DA:634,0
DA:641,0
DA:645,0
DA:647,0
DA:648,0
DA:656,0
DA:657,0
DA:659,0
DA:660,0
DA:665,0
DA:667,0
DA:668,0
DA:676,0
DA:677,0
DA:679,0
DA:680,0
DA:685,0
DA:686,0
DA:689,0
DA:690,0
DA:691,0
DA:693,0
DA:694,0
DA:699,0
DA:700,0
DA:704,0
DA:705,0
DA:709,0
DA:711,0
DA:712,0
DA:713,0
DA:714,0
DA:715,0
DA:717,0
DA:718,0
DA:723,0
DA:725,0
DA:726,0
DA:727,0
DA:729,0
DA:730,0
DA:735,0
DA:736,0
DA:740,0
DA:741,0
DA:745,0
DA:749,0
DA:750,0
DA:752,0
DA:757,0
DA:758,0
DA:761,0
DA:762,0
DA:763,0
DA:764,0
DA:765,0
DA:766,0
DA:770,0
DA:771,0
DA:772,0
LF:214
LH:77
BRDA:505,0,0,0
BRDA:505,0,1,0
BRDA:505,1,0,0
BRDA:505,1,1,0
BRDA:513,2,0,0
BRDA:513,2,1,0
BRDA:522,3,0,0
BRDA:522,3,1,0
BRDA:529,4,0,0
BRDA:529,4,1,0
BRDA:534,5,0,0
BRDA:534,5,1,0
BRDA:534,5,2,0
BRDA:545,6,0,0
BRDA:545,6,1,3
BRDA:545,7,0,3
BRDA:545,7,1,3
BRDA:553,8,0,0
BRDA:553,8,1,0
BRDA:553,9,0,0
BRDA:553,9,1,0
BRDA:563,10,0,0
BRDA:563,10,1,0
BRDA:565,11,0,0
BRDA:565,11,1,3
BRDA:599,12,0,0
BRDA:599,12,1,0
BRDA:610,13,0,0
BRDA:610,13,1,0
BRDA:622,14,0,0
BRDA:622,14,1,0
BRDA:625,15,0,0
BRDA:625,15,1,0
BRDA:628,16,0,0
BRDA:628,16,1,0
BRDA:645,17,0,0
BRDA:645,17,1,0
BRDA:665,18,0,0
BRDA:665,18,1,0
BRDA:685,19,0,0
BRDA:685,19,1,0
BRDA:685,20,0,0
BRDA:685,20,1,0
BRDA:709,21,0,0
BRDA:709,21,1,0
BRDA:709,22,0,0
BRDA:709,22,1,0
BRDA:723,23,0,0
BRDA:723,23,1,0
BRDA:749,24,0,0
BRDA:749,24,1,0
BRDA:758,25,0,0
BRDA:758,25,1,0
BRDA:765,26,0,0
BRDA:765,26,1,0
BRDA:771,27,0,0
BRDA:771,27,1,0
BRDA:771,28,0,0
BRDA:771,28,1,0
BRDA:8,29,0,6
BRDA:8,29,1,3
BRDA:12,30,0,6
BRDA:12,30,1,3
BRDA:14,31,0,0
BRDA:14,31,1,6
BRDA:17,32,0,0
BRDA:17,32,1,6
BRDA:21,33,0,6
BRDA:21,33,1,6
BRDA:40,34,0,3
BRDA:40,34,1,3
BRDA:56,35,0,0
BRDA:56,35,1,0
BRDA:84,36,0,0
BRDA:84,36,1,0
BRDA:76,37,0,0
BRDA:76,37,1,0
BRDA:107,38,0,0
BRDA:107,38,1,0
BRDA:110,39,0,0
BRDA:110,39,1,0
BRDA:118,40,0,0
BRDA:118,40,1,0
BRDA:128,41,0,0
BRDA:128,41,1,0
BRDA:133,42,0,0
BRDA:133,42,1,0
BRDA:137,43,0,0
BRDA:137,43,1,0
BRDA:141,44,0,0
BRDA:141,44,1,0
BRDA:144,45,0,0
BRDA:144,45,1,0
BRDA:148,46,0,0
BRDA:148,46,1,0
BRDA:154,47,0,0
BRDA:154,47,1,0
BRDA:156,48,0,0
BRDA:156,48,1,0
BRDA:165,49,0,0
BRDA:165,49,1,0
BRDA:174,50,0,0
BRDA:174,50,1,0
BRDA:191,51,0,0
BRDA:191,51,1,0
BRDA:190,52,0,0
BRDA:190,52,1,0
BRDA:205,53,0,0
BRDA:205,53,1,0
BRDA:205,54,0,0
BRDA:205,54,1,0
BRDA:209,55,0,0
BRDA:209,55,1,0
BRDA:233,56,0,6
BRDA:233,56,1,3
BRDA:235,57,0,0
BRDA:235,57,1,0
BRDA:238,58,0,0
BRDA:238,58,1,0
BRDA:243,59,0,6
BRDA:243,59,1,3
BRDA:245,60,0,0
BRDA:245,60,1,0
BRDA:249,61,0,0
BRDA:249,61,1,0
BRDA:254,62,0,6
BRDA:254,62,1,3
BRDA:269,63,0,0
BRDA:269,63,1,0
BRDA:273,64,0,0
BRDA:273,64,1,0
BRDA:285,65,0,0
BRDA:285,65,1,0
BRDA:305,66,0,0
BRDA:305,66,1,0
BRDA:309,67,0,0
BRDA:309,67,1,0
BRDA:323,68,0,0
BRDA:323,68,1,0
BRDA:316,69,0,0
BRDA:316,69,1,0
BRDA:327,70,0,0
BRDA:327,70,1,0
BRDA:337,71,0,0
BRDA:337,71,1,0
BRDA:341,72,0,0
BRDA:341,72,1,0
BRDA:378,73,0,0
BRDA:378,73,1,0
BRDA:351,74,0,0
BRDA:351,74,1,0
BRDA:353,75,0,0
BRDA:353,75,1,0
BRDA:360,76,0,0
BRDA:360,76,1,0
BRDA:362,77,0,0
BRDA:362,77,1,0
BRDA:369,78,0,0
BRDA:369,78,1,0
BRDA:371,79,0,0
BRDA:371,79,1,0
BRDA:381,80,0,0
BRDA:381,80,1,0
BRDA:387,81,0,0
BRDA:387,81,1,0
BRDA:404,82,0,0
BRDA:404,82,1,0
BRDA:418,83,0,0
BRDA:418,83,1,0
BRDA:419,84,0,0
BRDA:419,84,1,0
BRDA:421,85,0,0
BRDA:421,85,1,0
BRF:173
BRH:20
end_of_record
